2026-02-12 08:45:34,536 - MDA - INFO - Setting self.num_workers to 1. Change it using self.set_num_processors_to_use method.
2026-02-12 08:45:50,797 - MDA - INFO - Setting self.num_workers to 1. Change it using self.set_num_processors_to_use method.
2026-02-12 08:45:50,799 - MDA - INFO - Normalization is disabled. Set normalize_data to True to enable normalization.
2026-02-12 08:45:50,801 - MDA - INFO - Proposed max custom scaler for hs is lower than datapoint
2026-02-12 08:45:50,804 - MDA - INFO - Proposed min custom scaler for swl is bigger than datapoint
2026-02-12 08:45:50,804 - MDA - INFO - Proposed max custom scaler for swl is lower than datapoint
2026-02-12 08:45:50,804 - MDA - INFO - Using specified seed=0 as first centroid.
2026-02-12 08:45:50,811 - MDA - INFO -    MDA centroids: 002/100
2026-02-12 08:45:50,815 - MDA - INFO -    MDA centroids: 003/100
2026-02-12 08:45:50,819 - MDA - INFO -    MDA centroids: 004/100
2026-02-12 08:45:50,821 - MDA - INFO -    MDA centroids: 005/100
2026-02-12 08:45:50,824 - MDA - INFO -    MDA centroids: 006/100
2026-02-12 08:45:50,826 - MDA - INFO -    MDA centroids: 007/100
2026-02-12 08:45:50,829 - MDA - INFO -    MDA centroids: 008/100
2026-02-12 08:45:50,832 - MDA - INFO -    MDA centroids: 009/100
2026-02-12 08:45:50,834 - MDA - INFO -    MDA centroids: 010/100
2026-02-12 08:45:50,837 - MDA - INFO -    MDA centroids: 011/100
2026-02-12 08:45:50,840 - MDA - INFO -    MDA centroids: 012/100
2026-02-12 08:45:50,843 - MDA - INFO -    MDA centroids: 013/100
2026-02-12 08:45:50,846 - MDA - INFO -    MDA centroids: 014/100
2026-02-12 08:45:50,849 - MDA - INFO -    MDA centroids: 015/100
2026-02-12 08:45:50,851 - MDA - INFO -    MDA centroids: 016/100
2026-02-12 08:45:50,854 - MDA - INFO -    MDA centroids: 017/100
2026-02-12 08:45:50,857 - MDA - INFO -    MDA centroids: 018/100
2026-02-12 08:45:50,860 - MDA - INFO -    MDA centroids: 019/100
2026-02-12 08:45:50,862 - MDA - INFO -    MDA centroids: 020/100
2026-02-12 08:45:50,866 - MDA - INFO -    MDA centroids: 021/100
2026-02-12 08:45:50,868 - MDA - INFO -    MDA centroids: 022/100
2026-02-12 08:45:50,870 - MDA - INFO -    MDA centroids: 023/100
2026-02-12 08:45:50,874 - MDA - INFO -    MDA centroids: 024/100
2026-02-12 08:45:50,877 - MDA - INFO -    MDA centroids: 025/100
2026-02-12 08:45:50,880 - MDA - INFO -    MDA centroids: 026/100
2026-02-12 08:45:50,883 - MDA - INFO -    MDA centroids: 027/100
2026-02-12 08:45:50,885 - MDA - INFO -    MDA centroids: 028/100
2026-02-12 08:45:50,888 - MDA - INFO -    MDA centroids: 029/100
2026-02-12 08:45:50,891 - MDA - INFO -    MDA centroids: 030/100
2026-02-12 08:45:50,894 - MDA - INFO -    MDA centroids: 031/100
2026-02-12 08:45:50,897 - MDA - INFO -    MDA centroids: 032/100
2026-02-12 08:45:50,900 - MDA - INFO -    MDA centroids: 033/100
2026-02-12 08:45:50,902 - MDA - INFO -    MDA centroids: 034/100
2026-02-12 08:45:50,905 - MDA - INFO -    MDA centroids: 035/100
2026-02-12 08:45:50,908 - MDA - INFO -    MDA centroids: 036/100
2026-02-12 08:45:50,911 - MDA - INFO -    MDA centroids: 037/100
2026-02-12 08:45:50,914 - MDA - INFO -    MDA centroids: 038/100
2026-02-12 08:45:50,918 - MDA - INFO -    MDA centroids: 039/100
2026-02-12 08:45:50,920 - MDA - INFO -    MDA centroids: 040/100
2026-02-12 08:45:50,923 - MDA - INFO -    MDA centroids: 041/100
2026-02-12 08:45:50,926 - MDA - INFO -    MDA centroids: 042/100
2026-02-12 08:45:50,929 - MDA - INFO -    MDA centroids: 043/100
2026-02-12 08:45:50,931 - MDA - INFO -    MDA centroids: 044/100
2026-02-12 08:45:50,934 - MDA - INFO -    MDA centroids: 045/100
2026-02-12 08:45:50,936 - MDA - INFO -    MDA centroids: 046/100
2026-02-12 08:45:50,939 - MDA - INFO -    MDA centroids: 047/100
2026-02-12 08:45:50,943 - MDA - INFO -    MDA centroids: 048/100
2026-02-12 08:45:50,945 - MDA - INFO -    MDA centroids: 049/100
2026-02-12 08:45:50,948 - MDA - INFO -    MDA centroids: 050/100
2026-02-12 08:45:50,951 - MDA - INFO -    MDA centroids: 051/100
2026-02-12 08:45:50,954 - MDA - INFO -    MDA centroids: 052/100
2026-02-12 08:45:50,957 - MDA - INFO -    MDA centroids: 053/100
2026-02-12 08:45:50,960 - MDA - INFO -    MDA centroids: 054/100
2026-02-12 08:45:50,963 - MDA - INFO -    MDA centroids: 055/100
2026-02-12 08:45:50,965 - MDA - INFO -    MDA centroids: 056/100
2026-02-12 08:45:50,969 - MDA - INFO -    MDA centroids: 057/100
2026-02-12 08:45:50,971 - MDA - INFO -    MDA centroids: 058/100
2026-02-12 08:45:50,974 - MDA - INFO -    MDA centroids: 059/100
2026-02-12 08:45:50,977 - MDA - INFO -    MDA centroids: 060/100
2026-02-12 08:45:50,980 - MDA - INFO -    MDA centroids: 061/100
2026-02-12 08:45:50,983 - MDA - INFO -    MDA centroids: 062/100
2026-02-12 08:45:50,986 - MDA - INFO -    MDA centroids: 063/100
2026-02-12 08:45:50,989 - MDA - INFO -    MDA centroids: 064/100
2026-02-12 08:45:50,992 - MDA - INFO -    MDA centroids: 065/100
2026-02-12 08:45:50,997 - MDA - INFO -    MDA centroids: 066/100
2026-02-12 08:45:51,000 - MDA - INFO -    MDA centroids: 067/100
2026-02-12 08:45:51,003 - MDA - INFO -    MDA centroids: 068/100
2026-02-12 08:45:51,007 - MDA - INFO -    MDA centroids: 069/100
2026-02-12 08:45:51,010 - MDA - INFO -    MDA centroids: 070/100
2026-02-12 08:45:51,013 - MDA - INFO -    MDA centroids: 071/100
2026-02-12 08:45:51,017 - MDA - INFO -    MDA centroids: 072/100
2026-02-12 08:45:51,019 - MDA - INFO -    MDA centroids: 073/100
2026-02-12 08:45:51,022 - MDA - INFO -    MDA centroids: 074/100
2026-02-12 08:45:51,025 - MDA - INFO -    MDA centroids: 075/100
2026-02-12 08:45:51,028 - MDA - INFO -    MDA centroids: 076/100
2026-02-12 08:45:51,032 - MDA - INFO -    MDA centroids: 077/100
2026-02-12 08:45:51,035 - MDA - INFO -    MDA centroids: 078/100
2026-02-12 08:45:51,038 - MDA - INFO -    MDA centroids: 079/100
2026-02-12 08:45:51,040 - MDA - INFO -    MDA centroids: 080/100
2026-02-12 08:45:51,043 - MDA - INFO -    MDA centroids: 081/100
2026-02-12 08:45:51,046 - MDA - INFO -    MDA centroids: 082/100
2026-02-12 08:45:51,049 - MDA - INFO -    MDA centroids: 083/100
2026-02-12 08:45:51,053 - MDA - INFO -    MDA centroids: 084/100
2026-02-12 08:45:51,055 - MDA - INFO -    MDA centroids: 085/100
2026-02-12 08:45:51,058 - MDA - INFO -    MDA centroids: 086/100
2026-02-12 08:45:51,061 - MDA - INFO -    MDA centroids: 087/100
2026-02-12 08:45:51,064 - MDA - INFO -    MDA centroids: 088/100
2026-02-12 08:45:51,066 - MDA - INFO -    MDA centroids: 089/100
2026-02-12 08:45:51,070 - MDA - INFO -    MDA centroids: 090/100
2026-02-12 08:45:51,072 - MDA - INFO -    MDA centroids: 091/100
2026-02-12 08:45:51,074 - MDA - INFO -    MDA centroids: 092/100
2026-02-12 08:45:51,078 - MDA - INFO -    MDA centroids: 093/100
2026-02-12 08:45:51,081 - MDA - INFO -    MDA centroids: 094/100
2026-02-12 08:45:51,084 - MDA - INFO -    MDA centroids: 095/100
2026-02-12 08:45:51,087 - MDA - INFO -    MDA centroids: 096/100
2026-02-12 08:45:51,089 - MDA - INFO -    MDA centroids: 097/100
2026-02-12 08:45:51,092 - MDA - INFO -    MDA centroids: 098/100
2026-02-12 08:45:51,095 - MDA - INFO -    MDA centroids: 099/100
2026-02-12 08:45:51,098 - MDA - INFO -    MDA centroids: 100/100
2026-02-12 08:57:29,964 - MDA - INFO - Setting self.num_workers to 1. Change it using self.set_num_processors_to_use method.
2026-02-12 08:57:29,966 - MDA - INFO - Normalization is disabled. Set normalize_data to True to enable normalization.
2026-02-12 08:57:29,967 - MDA - INFO - Proposed max custom scaler for hs is lower than datapoint
2026-02-12 08:57:29,969 - MDA - INFO - Proposed min custom scaler for swl is bigger than datapoint
2026-02-12 08:57:29,969 - MDA - INFO - Proposed max custom scaler for swl is lower than datapoint
2026-02-12 08:57:29,970 - MDA - INFO - Using specified seed=0 as first centroid.
2026-02-12 08:57:29,979 - MDA - INFO -    MDA centroids: 002/100
2026-02-12 08:57:29,983 - MDA - INFO -    MDA centroids: 003/100
2026-02-12 08:57:29,986 - MDA - INFO -    MDA centroids: 004/100
2026-02-12 08:57:29,988 - MDA - INFO -    MDA centroids: 005/100
2026-02-12 08:57:29,991 - MDA - INFO -    MDA centroids: 006/100
2026-02-12 08:57:29,993 - MDA - INFO -    MDA centroids: 007/100
2026-02-12 08:57:29,997 - MDA - INFO -    MDA centroids: 008/100
2026-02-12 08:57:29,999 - MDA - INFO -    MDA centroids: 009/100
2026-02-12 08:57:30,002 - MDA - INFO -    MDA centroids: 010/100
2026-02-12 08:57:30,004 - MDA - INFO -    MDA centroids: 011/100
2026-02-12 08:57:30,007 - MDA - INFO -    MDA centroids: 012/100
2026-02-12 08:57:30,008 - MDA - INFO -    MDA centroids: 013/100
2026-02-12 08:57:30,012 - MDA - INFO -    MDA centroids: 014/100
2026-02-12 08:57:30,014 - MDA - INFO -    MDA centroids: 015/100
2026-02-12 08:57:30,017 - MDA - INFO -    MDA centroids: 016/100
2026-02-12 08:57:30,019 - MDA - INFO -    MDA centroids: 017/100
2026-02-12 08:57:30,022 - MDA - INFO -    MDA centroids: 018/100
2026-02-12 08:57:30,023 - MDA - INFO -    MDA centroids: 019/100
2026-02-12 08:57:30,026 - MDA - INFO -    MDA centroids: 020/100
2026-02-12 08:57:30,028 - MDA - INFO -    MDA centroids: 021/100
2026-02-12 08:57:30,031 - MDA - INFO -    MDA centroids: 022/100
2026-02-12 08:57:30,033 - MDA - INFO -    MDA centroids: 023/100
2026-02-12 08:57:30,035 - MDA - INFO -    MDA centroids: 024/100
2026-02-12 08:57:30,037 - MDA - INFO -    MDA centroids: 025/100
2026-02-12 08:57:30,040 - MDA - INFO -    MDA centroids: 026/100
2026-02-12 08:57:30,041 - MDA - INFO -    MDA centroids: 027/100
2026-02-12 08:57:30,045 - MDA - INFO -    MDA centroids: 028/100
2026-02-12 08:57:30,047 - MDA - INFO -    MDA centroids: 029/100
2026-02-12 08:57:30,050 - MDA - INFO -    MDA centroids: 030/100
2026-02-12 08:57:30,052 - MDA - INFO -    MDA centroids: 031/100
2026-02-12 08:57:30,055 - MDA - INFO -    MDA centroids: 032/100
2026-02-12 08:57:30,057 - MDA - INFO -    MDA centroids: 033/100
2026-02-12 08:57:30,060 - MDA - INFO -    MDA centroids: 034/100
2026-02-12 08:57:30,062 - MDA - INFO -    MDA centroids: 035/100
2026-02-12 08:57:30,065 - MDA - INFO -    MDA centroids: 036/100
2026-02-12 08:57:30,067 - MDA - INFO -    MDA centroids: 037/100
2026-02-12 08:57:30,070 - MDA - INFO -    MDA centroids: 038/100
2026-02-12 08:57:30,072 - MDA - INFO -    MDA centroids: 039/100
2026-02-12 08:57:30,075 - MDA - INFO -    MDA centroids: 040/100
2026-02-12 08:57:30,078 - MDA - INFO -    MDA centroids: 041/100
2026-02-12 08:57:30,081 - MDA - INFO -    MDA centroids: 042/100
2026-02-12 08:57:30,083 - MDA - INFO -    MDA centroids: 043/100
2026-02-12 08:57:30,086 - MDA - INFO -    MDA centroids: 044/100
2026-02-12 08:57:30,088 - MDA - INFO -    MDA centroids: 045/100
2026-02-12 08:57:30,090 - MDA - INFO -    MDA centroids: 046/100
2026-02-12 08:57:30,093 - MDA - INFO -    MDA centroids: 047/100
2026-02-12 08:57:30,097 - MDA - INFO -    MDA centroids: 048/100
2026-02-12 08:57:30,099 - MDA - INFO -    MDA centroids: 049/100
2026-02-12 08:57:30,101 - MDA - INFO -    MDA centroids: 050/100
2026-02-12 08:57:30,103 - MDA - INFO -    MDA centroids: 051/100
2026-02-12 08:57:30,106 - MDA - INFO -    MDA centroids: 052/100
2026-02-12 08:57:30,108 - MDA - INFO -    MDA centroids: 053/100
2026-02-12 08:57:30,111 - MDA - INFO -    MDA centroids: 054/100
2026-02-12 08:57:30,113 - MDA - INFO -    MDA centroids: 055/100
2026-02-12 08:57:30,116 - MDA - INFO -    MDA centroids: 056/100
2026-02-12 08:57:30,118 - MDA - INFO -    MDA centroids: 057/100
2026-02-12 08:57:30,121 - MDA - INFO -    MDA centroids: 058/100
2026-02-12 08:57:30,123 - MDA - INFO -    MDA centroids: 059/100
2026-02-12 08:57:30,126 - MDA - INFO -    MDA centroids: 060/100
2026-02-12 08:57:30,128 - MDA - INFO -    MDA centroids: 061/100
2026-02-12 08:57:30,131 - MDA - INFO -    MDA centroids: 062/100
2026-02-12 08:57:30,133 - MDA - INFO -    MDA centroids: 063/100
2026-02-12 08:57:30,136 - MDA - INFO -    MDA centroids: 064/100
2026-02-12 08:57:30,137 - MDA - INFO -    MDA centroids: 065/100
2026-02-12 08:57:30,140 - MDA - INFO -    MDA centroids: 066/100
2026-02-12 08:57:30,142 - MDA - INFO -    MDA centroids: 067/100
2026-02-12 08:57:30,145 - MDA - INFO -    MDA centroids: 068/100
2026-02-12 08:57:30,147 - MDA - INFO -    MDA centroids: 069/100
2026-02-12 08:57:30,150 - MDA - INFO -    MDA centroids: 070/100
2026-02-12 08:57:30,152 - MDA - INFO -    MDA centroids: 071/100
2026-02-12 08:57:30,155 - MDA - INFO -    MDA centroids: 072/100
2026-02-12 08:57:30,156 - MDA - INFO -    MDA centroids: 073/100
2026-02-12 08:57:30,160 - MDA - INFO -    MDA centroids: 074/100
2026-02-12 08:57:30,162 - MDA - INFO -    MDA centroids: 075/100
2026-02-12 08:57:30,165 - MDA - INFO -    MDA centroids: 076/100
2026-02-12 08:57:30,167 - MDA - INFO -    MDA centroids: 077/100
2026-02-12 08:57:30,169 - MDA - INFO -    MDA centroids: 078/100
2026-02-12 08:57:30,171 - MDA - INFO -    MDA centroids: 079/100
2026-02-12 08:57:30,174 - MDA - INFO -    MDA centroids: 080/100
2026-02-12 08:57:30,176 - MDA - INFO -    MDA centroids: 081/100
2026-02-12 08:57:30,179 - MDA - INFO -    MDA centroids: 082/100
2026-02-12 08:57:30,181 - MDA - INFO -    MDA centroids: 083/100
2026-02-12 08:57:30,184 - MDA - INFO -    MDA centroids: 084/100
2026-02-12 08:57:30,186 - MDA - INFO -    MDA centroids: 085/100
2026-02-12 08:57:30,189 - MDA - INFO -    MDA centroids: 086/100
2026-02-12 08:57:30,191 - MDA - INFO -    MDA centroids: 087/100
2026-02-12 08:57:30,195 - MDA - INFO -    MDA centroids: 088/100
2026-02-12 08:57:30,197 - MDA - INFO -    MDA centroids: 089/100
2026-02-12 08:57:30,200 - MDA - INFO -    MDA centroids: 090/100
2026-02-12 08:57:30,201 - MDA - INFO -    MDA centroids: 091/100
2026-02-12 08:57:30,204 - MDA - INFO -    MDA centroids: 092/100
2026-02-12 08:57:30,206 - MDA - INFO -    MDA centroids: 093/100
2026-02-12 08:57:30,209 - MDA - INFO -    MDA centroids: 094/100
2026-02-12 08:57:30,212 - MDA - INFO -    MDA centroids: 095/100
2026-02-12 08:57:30,214 - MDA - INFO -    MDA centroids: 096/100
2026-02-12 08:57:30,216 - MDA - INFO -    MDA centroids: 097/100
2026-02-12 08:57:30,219 - MDA - INFO -    MDA centroids: 098/100
2026-02-12 08:57:30,221 - MDA - INFO -    MDA centroids: 099/100
2026-02-12 08:57:30,223 - MDA - INFO -    MDA centroids: 100/100
2026-02-12 08:59:14,050 - MDA - INFO - Setting self.num_workers to 1. Change it using self.set_num_processors_to_use method.
2026-02-12 08:59:14,051 - MDA - INFO - Normalization is disabled. Set normalize_data to True to enable normalization.
2026-02-12 08:59:14,052 - MDA - INFO - Proposed max custom scaler for hs is lower than datapoint
2026-02-12 08:59:14,054 - MDA - INFO - Proposed min custom scaler for swl is bigger than datapoint
2026-02-12 08:59:14,054 - MDA - INFO - Proposed max custom scaler for swl is lower than datapoint
2026-02-12 08:59:14,055 - MDA - INFO - Using specified seed=0 as first centroid.
2026-02-12 08:59:14,061 - MDA - INFO -    MDA centroids: 002/100
2026-02-12 08:59:14,064 - MDA - INFO -    MDA centroids: 003/100
2026-02-12 08:59:14,068 - MDA - INFO -    MDA centroids: 004/100
2026-02-12 08:59:14,070 - MDA - INFO -    MDA centroids: 005/100
2026-02-12 08:59:14,073 - MDA - INFO -    MDA centroids: 006/100
2026-02-12 08:59:14,075 - MDA - INFO -    MDA centroids: 007/100
2026-02-12 08:59:14,079 - MDA - INFO -    MDA centroids: 008/100
2026-02-12 08:59:14,081 - MDA - INFO -    MDA centroids: 009/100
2026-02-12 08:59:14,084 - MDA - INFO -    MDA centroids: 010/100
2026-02-12 08:59:14,086 - MDA - INFO -    MDA centroids: 011/100
2026-02-12 08:59:14,088 - MDA - INFO -    MDA centroids: 012/100
2026-02-12 08:59:14,090 - MDA - INFO -    MDA centroids: 013/100
2026-02-12 08:59:14,093 - MDA - INFO -    MDA centroids: 014/100
2026-02-12 08:59:14,095 - MDA - INFO -    MDA centroids: 015/100
2026-02-12 08:59:14,098 - MDA - INFO -    MDA centroids: 016/100
2026-02-12 08:59:14,100 - MDA - INFO -    MDA centroids: 017/100
2026-02-12 08:59:14,103 - MDA - INFO -    MDA centroids: 018/100
2026-02-12 08:59:14,104 - MDA - INFO -    MDA centroids: 019/100
2026-02-12 08:59:14,107 - MDA - INFO -    MDA centroids: 020/100
2026-02-12 08:59:14,109 - MDA - INFO -    MDA centroids: 021/100
2026-02-12 08:59:14,112 - MDA - INFO -    MDA centroids: 022/100
2026-02-12 08:59:14,114 - MDA - INFO -    MDA centroids: 023/100
2026-02-12 08:59:14,117 - MDA - INFO -    MDA centroids: 024/100
2026-02-12 08:59:14,119 - MDA - INFO -    MDA centroids: 025/100
2026-02-12 08:59:14,122 - MDA - INFO -    MDA centroids: 026/100
2026-02-12 08:59:14,124 - MDA - INFO -    MDA centroids: 027/100
2026-02-12 08:59:14,127 - MDA - INFO -    MDA centroids: 028/100
2026-02-12 08:59:14,129 - MDA - INFO -    MDA centroids: 029/100
2026-02-12 08:59:14,131 - MDA - INFO -    MDA centroids: 030/100
2026-02-12 08:59:14,133 - MDA - INFO -    MDA centroids: 031/100
2026-02-12 08:59:14,136 - MDA - INFO -    MDA centroids: 032/100
2026-02-12 08:59:14,138 - MDA - INFO -    MDA centroids: 033/100
2026-02-12 08:59:14,141 - MDA - INFO -    MDA centroids: 034/100
2026-02-12 08:59:14,143 - MDA - INFO -    MDA centroids: 035/100
2026-02-12 08:59:14,147 - MDA - INFO -    MDA centroids: 036/100
2026-02-12 08:59:14,149 - MDA - INFO -    MDA centroids: 037/100
2026-02-12 08:59:14,151 - MDA - INFO -    MDA centroids: 038/100
2026-02-12 08:59:14,153 - MDA - INFO -    MDA centroids: 039/100
2026-02-12 08:59:14,156 - MDA - INFO -    MDA centroids: 040/100
2026-02-12 08:59:14,158 - MDA - INFO -    MDA centroids: 041/100
2026-02-12 08:59:14,161 - MDA - INFO -    MDA centroids: 042/100
2026-02-12 08:59:14,163 - MDA - INFO -    MDA centroids: 043/100
2026-02-12 08:59:14,165 - MDA - INFO -    MDA centroids: 044/100
2026-02-12 08:59:14,167 - MDA - INFO -    MDA centroids: 045/100
2026-02-12 08:59:14,170 - MDA - INFO -    MDA centroids: 046/100
2026-02-12 08:59:14,172 - MDA - INFO -    MDA centroids: 047/100
2026-02-12 08:59:14,175 - MDA - INFO -    MDA centroids: 048/100
2026-02-12 08:59:14,178 - MDA - INFO -    MDA centroids: 049/100
2026-02-12 08:59:14,181 - MDA - INFO -    MDA centroids: 050/100
2026-02-12 08:59:14,183 - MDA - INFO -    MDA centroids: 051/100
2026-02-12 08:59:14,185 - MDA - INFO -    MDA centroids: 052/100
2026-02-12 08:59:14,187 - MDA - INFO -    MDA centroids: 053/100
2026-02-12 08:59:14,191 - MDA - INFO -    MDA centroids: 054/100
2026-02-12 08:59:14,193 - MDA - INFO -    MDA centroids: 055/100
2026-02-12 08:59:14,195 - MDA - INFO -    MDA centroids: 056/100
2026-02-12 08:59:14,197 - MDA - INFO -    MDA centroids: 057/100
2026-02-12 08:59:14,200 - MDA - INFO -    MDA centroids: 058/100
2026-02-12 08:59:14,202 - MDA - INFO -    MDA centroids: 059/100
2026-02-12 08:59:14,205 - MDA - INFO -    MDA centroids: 060/100
2026-02-12 08:59:14,207 - MDA - INFO -    MDA centroids: 061/100
2026-02-12 08:59:14,210 - MDA - INFO -    MDA centroids: 062/100
2026-02-12 08:59:14,212 - MDA - INFO -    MDA centroids: 063/100
2026-02-12 08:59:14,215 - MDA - INFO -    MDA centroids: 064/100
2026-02-12 08:59:14,217 - MDA - INFO -    MDA centroids: 065/100
2026-02-12 08:59:14,219 - MDA - INFO -    MDA centroids: 066/100
2026-02-12 08:59:14,221 - MDA - INFO -    MDA centroids: 067/100
2026-02-12 08:59:14,225 - MDA - INFO -    MDA centroids: 068/100
2026-02-12 08:59:14,227 - MDA - INFO -    MDA centroids: 069/100
2026-02-12 08:59:14,230 - MDA - INFO -    MDA centroids: 070/100
2026-02-12 08:59:14,232 - MDA - INFO -    MDA centroids: 071/100
2026-02-12 08:59:14,235 - MDA - INFO -    MDA centroids: 072/100
2026-02-12 08:59:14,237 - MDA - INFO -    MDA centroids: 073/100
2026-02-12 08:59:14,241 - MDA - INFO -    MDA centroids: 074/100
2026-02-12 08:59:14,244 - MDA - INFO -    MDA centroids: 075/100
2026-02-12 08:59:14,247 - MDA - INFO -    MDA centroids: 076/100
2026-02-12 08:59:14,249 - MDA - INFO -    MDA centroids: 077/100
2026-02-12 08:59:14,252 - MDA - INFO -    MDA centroids: 078/100
2026-02-12 08:59:14,254 - MDA - INFO -    MDA centroids: 079/100
2026-02-12 08:59:14,257 - MDA - INFO -    MDA centroids: 080/100
2026-02-12 08:59:14,259 - MDA - INFO -    MDA centroids: 081/100
2026-02-12 08:59:14,262 - MDA - INFO -    MDA centroids: 082/100
2026-02-12 08:59:14,264 - MDA - INFO -    MDA centroids: 083/100
2026-02-12 08:59:14,267 - MDA - INFO -    MDA centroids: 084/100
2026-02-12 08:59:14,269 - MDA - INFO -    MDA centroids: 085/100
2026-02-12 08:59:14,272 - MDA - INFO -    MDA centroids: 086/100
2026-02-12 08:59:14,274 - MDA - INFO -    MDA centroids: 087/100
2026-02-12 08:59:14,278 - MDA - INFO -    MDA centroids: 088/100
2026-02-12 08:59:14,280 - MDA - INFO -    MDA centroids: 089/100
2026-02-12 08:59:14,282 - MDA - INFO -    MDA centroids: 090/100
2026-02-12 08:59:14,284 - MDA - INFO -    MDA centroids: 091/100
2026-02-12 08:59:14,287 - MDA - INFO -    MDA centroids: 092/100
2026-02-12 08:59:14,289 - MDA - INFO -    MDA centroids: 093/100
2026-02-12 08:59:14,292 - MDA - INFO -    MDA centroids: 094/100
2026-02-12 08:59:14,294 - MDA - INFO -    MDA centroids: 095/100
2026-02-12 08:59:14,297 - MDA - INFO -    MDA centroids: 096/100
2026-02-12 08:59:14,298 - MDA - INFO -    MDA centroids: 097/100
2026-02-12 08:59:14,301 - MDA - INFO -    MDA centroids: 098/100
2026-02-12 08:59:14,303 - MDA - INFO -    MDA centroids: 099/100
2026-02-12 08:59:14,307 - MDA - INFO -    MDA centroids: 100/100
2026-02-12 09:22:58,939 - MDA - INFO - Setting self.num_workers to 1. Change it using self.set_num_processors_to_use method.
2026-02-12 09:22:58,940 - MDA - INFO - Normalization is disabled. Set normalize_data to True to enable normalization.
2026-02-12 09:22:58,940 - MDA - INFO - Proposed max custom scaler for hs is lower than datapoint
2026-02-12 09:22:58,941 - MDA - INFO - Proposed min custom scaler for swl is bigger than datapoint
2026-02-12 09:22:58,941 - MDA - INFO - Proposed max custom scaler for swl is lower than datapoint
2026-02-12 09:22:58,941 - MDA - INFO - Using specified seed=0 as first centroid.
2026-02-12 09:22:58,942 - MDA - INFO -    MDA centroids: 002/100
2026-02-12 09:22:58,942 - MDA - INFO -    MDA centroids: 003/100
2026-02-12 09:22:58,942 - MDA - INFO -    MDA centroids: 004/100
2026-02-12 09:22:58,943 - MDA - INFO -    MDA centroids: 005/100
2026-02-12 09:22:58,943 - MDA - INFO -    MDA centroids: 006/100
2026-02-12 09:22:58,944 - MDA - INFO -    MDA centroids: 007/100
2026-02-12 09:22:58,944 - MDA - INFO -    MDA centroids: 008/100
2026-02-12 09:22:58,944 - MDA - INFO -    MDA centroids: 009/100
2026-02-12 09:22:58,944 - MDA - INFO -    MDA centroids: 010/100
2026-02-12 09:22:58,945 - MDA - INFO -    MDA centroids: 011/100
2026-02-12 09:22:58,945 - MDA - INFO -    MDA centroids: 012/100
2026-02-12 09:22:58,945 - MDA - INFO -    MDA centroids: 013/100
2026-02-12 09:22:58,945 - MDA - INFO -    MDA centroids: 014/100
2026-02-12 09:22:58,946 - MDA - INFO -    MDA centroids: 015/100
2026-02-12 09:22:58,946 - MDA - INFO -    MDA centroids: 016/100
2026-02-12 09:22:58,946 - MDA - INFO -    MDA centroids: 017/100
2026-02-12 09:22:58,947 - MDA - INFO -    MDA centroids: 018/100
2026-02-12 09:22:58,947 - MDA - INFO -    MDA centroids: 019/100
2026-02-12 09:22:58,947 - MDA - INFO -    MDA centroids: 020/100
2026-02-12 09:22:58,947 - MDA - INFO -    MDA centroids: 021/100
2026-02-12 09:22:58,948 - MDA - INFO -    MDA centroids: 022/100
2026-02-12 09:22:58,948 - MDA - INFO -    MDA centroids: 023/100
2026-02-12 09:22:58,948 - MDA - INFO -    MDA centroids: 024/100
2026-02-12 09:22:58,948 - MDA - INFO -    MDA centroids: 025/100
2026-02-12 09:22:58,949 - MDA - INFO -    MDA centroids: 026/100
2026-02-12 09:22:58,949 - MDA - INFO -    MDA centroids: 027/100
2026-02-12 09:22:58,949 - MDA - INFO -    MDA centroids: 028/100
2026-02-12 09:22:58,949 - MDA - INFO -    MDA centroids: 029/100
2026-02-12 09:22:58,950 - MDA - INFO -    MDA centroids: 030/100
2026-02-12 09:22:58,950 - MDA - INFO -    MDA centroids: 031/100
2026-02-12 09:22:58,950 - MDA - INFO -    MDA centroids: 032/100
2026-02-12 09:22:58,951 - MDA - INFO -    MDA centroids: 033/100
2026-02-12 09:22:58,951 - MDA - INFO -    MDA centroids: 034/100
2026-02-12 09:22:58,951 - MDA - INFO -    MDA centroids: 035/100
2026-02-12 09:22:58,952 - MDA - INFO -    MDA centroids: 036/100
2026-02-12 09:22:58,952 - MDA - INFO -    MDA centroids: 037/100
2026-02-12 09:22:58,952 - MDA - INFO -    MDA centroids: 038/100
2026-02-12 09:22:58,952 - MDA - INFO -    MDA centroids: 039/100
2026-02-12 09:22:58,953 - MDA - INFO -    MDA centroids: 040/100
2026-02-12 09:22:58,953 - MDA - INFO -    MDA centroids: 041/100
2026-02-12 09:22:58,953 - MDA - INFO -    MDA centroids: 042/100
2026-02-12 09:22:58,953 - MDA - INFO -    MDA centroids: 043/100
2026-02-12 09:22:58,954 - MDA - INFO -    MDA centroids: 044/100
2026-02-12 09:22:58,954 - MDA - INFO -    MDA centroids: 045/100
2026-02-12 09:22:58,954 - MDA - INFO -    MDA centroids: 046/100
2026-02-12 09:22:58,954 - MDA - INFO -    MDA centroids: 047/100
2026-02-12 09:22:58,954 - MDA - INFO -    MDA centroids: 048/100
2026-02-12 09:22:58,955 - MDA - INFO -    MDA centroids: 049/100
2026-02-12 09:22:58,955 - MDA - INFO -    MDA centroids: 050/100
2026-02-12 09:22:58,955 - MDA - INFO -    MDA centroids: 051/100
2026-02-12 09:22:58,955 - MDA - INFO -    MDA centroids: 052/100
2026-02-12 09:22:58,956 - MDA - INFO -    MDA centroids: 053/100
2026-02-12 09:22:58,956 - MDA - INFO -    MDA centroids: 054/100
2026-02-12 09:22:58,956 - MDA - INFO -    MDA centroids: 055/100
2026-02-12 09:22:58,956 - MDA - INFO -    MDA centroids: 056/100
2026-02-12 09:22:58,957 - MDA - INFO -    MDA centroids: 057/100
2026-02-12 09:22:58,957 - MDA - INFO -    MDA centroids: 058/100
2026-02-12 09:22:58,957 - MDA - INFO -    MDA centroids: 059/100
2026-02-12 09:22:58,957 - MDA - INFO -    MDA centroids: 060/100
2026-02-12 09:22:58,958 - MDA - INFO -    MDA centroids: 061/100
2026-02-12 09:22:58,958 - MDA - INFO -    MDA centroids: 062/100
2026-02-12 09:22:58,958 - MDA - INFO -    MDA centroids: 063/100
2026-02-12 09:22:58,958 - MDA - INFO -    MDA centroids: 064/100
2026-02-12 09:22:58,959 - MDA - INFO -    MDA centroids: 065/100
2026-02-12 09:22:58,959 - MDA - INFO -    MDA centroids: 066/100
2026-02-12 09:22:58,959 - MDA - INFO -    MDA centroids: 067/100
2026-02-12 09:22:58,959 - MDA - INFO -    MDA centroids: 068/100
2026-02-12 09:22:58,960 - MDA - INFO -    MDA centroids: 069/100
2026-02-12 09:22:58,960 - MDA - INFO -    MDA centroids: 070/100
2026-02-12 09:22:58,960 - MDA - INFO -    MDA centroids: 071/100
2026-02-12 09:22:58,961 - MDA - INFO -    MDA centroids: 072/100
2026-02-12 09:22:58,961 - MDA - INFO -    MDA centroids: 073/100
2026-02-12 09:22:58,961 - MDA - INFO -    MDA centroids: 074/100
2026-02-12 09:22:58,961 - MDA - INFO -    MDA centroids: 075/100
2026-02-12 09:22:58,962 - MDA - INFO -    MDA centroids: 076/100
2026-02-12 09:22:58,962 - MDA - INFO -    MDA centroids: 077/100
2026-02-12 09:22:58,962 - MDA - INFO -    MDA centroids: 078/100
2026-02-12 09:22:58,962 - MDA - INFO -    MDA centroids: 079/100
2026-02-12 09:22:58,963 - MDA - INFO -    MDA centroids: 080/100
2026-02-12 09:22:58,963 - MDA - INFO -    MDA centroids: 081/100
2026-02-12 09:22:58,963 - MDA - INFO -    MDA centroids: 082/100
2026-02-12 09:22:58,963 - MDA - INFO -    MDA centroids: 083/100
2026-02-12 09:22:58,963 - MDA - INFO -    MDA centroids: 084/100
2026-02-12 09:22:58,964 - MDA - INFO -    MDA centroids: 085/100
2026-02-12 09:22:58,964 - MDA - INFO -    MDA centroids: 086/100
2026-02-12 09:22:58,964 - MDA - INFO -    MDA centroids: 087/100
2026-02-12 09:22:58,964 - MDA - INFO -    MDA centroids: 088/100
2026-02-12 09:22:58,965 - MDA - INFO -    MDA centroids: 089/100
2026-02-12 09:22:58,965 - MDA - INFO -    MDA centroids: 090/100
2026-02-12 09:22:58,965 - MDA - INFO -    MDA centroids: 091/100
2026-02-12 09:22:58,965 - MDA - INFO -    MDA centroids: 092/100
2026-02-12 09:22:58,965 - MDA - INFO -    MDA centroids: 093/100
2026-02-12 09:22:58,966 - MDA - INFO -    MDA centroids: 094/100
2026-02-12 09:22:58,966 - MDA - INFO -    MDA centroids: 095/100
2026-02-12 09:22:58,966 - MDA - INFO -    MDA centroids: 096/100
2026-02-12 09:22:58,966 - MDA - INFO -    MDA centroids: 097/100
2026-02-12 09:22:58,967 - MDA - INFO -    MDA centroids: 098/100
2026-02-12 09:22:58,967 - MDA - INFO -    MDA centroids: 099/100
2026-02-12 09:22:58,967 - MDA - INFO -    MDA centroids: 100/100
2026-02-12 09:23:02,501 - MDA - INFO - Setting self.num_workers to 1. Change it using self.set_num_processors_to_use method.
2026-02-12 09:23:02,502 - MDA - INFO - Normalization is disabled. Set normalize_data to True to enable normalization.
2026-02-12 09:23:02,502 - MDA - INFO - Proposed max custom scaler for hs is lower than datapoint
2026-02-12 09:23:02,503 - MDA - INFO - Proposed min custom scaler for swl is bigger than datapoint
2026-02-12 09:23:02,503 - MDA - INFO - Proposed max custom scaler for swl is lower than datapoint
2026-02-12 09:23:02,503 - MDA - INFO - Using specified seed=0 as first centroid.
2026-02-12 09:23:02,503 - MDA - INFO -    MDA centroids: 002/100
2026-02-12 09:23:02,504 - MDA - INFO -    MDA centroids: 003/100
2026-02-12 09:23:02,504 - MDA - INFO -    MDA centroids: 004/100
2026-02-12 09:23:02,504 - MDA - INFO -    MDA centroids: 005/100
2026-02-12 09:23:02,504 - MDA - INFO -    MDA centroids: 006/100
2026-02-12 09:23:02,505 - MDA - INFO -    MDA centroids: 007/100
2026-02-12 09:23:02,505 - MDA - INFO -    MDA centroids: 008/100
2026-02-12 09:23:02,505 - MDA - INFO -    MDA centroids: 009/100
2026-02-12 09:23:02,505 - MDA - INFO -    MDA centroids: 010/100
2026-02-12 09:23:02,505 - MDA - INFO -    MDA centroids: 011/100
2026-02-12 09:23:02,506 - MDA - INFO -    MDA centroids: 012/100
2026-02-12 09:23:02,506 - MDA - INFO -    MDA centroids: 013/100
2026-02-12 09:23:02,506 - MDA - INFO -    MDA centroids: 014/100
2026-02-12 09:23:02,506 - MDA - INFO -    MDA centroids: 015/100
2026-02-12 09:23:02,507 - MDA - INFO -    MDA centroids: 016/100
2026-02-12 09:23:02,507 - MDA - INFO -    MDA centroids: 017/100
2026-02-12 09:23:02,507 - MDA - INFO -    MDA centroids: 018/100
2026-02-12 09:23:02,507 - MDA - INFO -    MDA centroids: 019/100
2026-02-12 09:23:02,507 - MDA - INFO -    MDA centroids: 020/100
2026-02-12 09:23:02,508 - MDA - INFO -    MDA centroids: 021/100
2026-02-12 09:23:02,508 - MDA - INFO -    MDA centroids: 022/100
2026-02-12 09:23:02,508 - MDA - INFO -    MDA centroids: 023/100
2026-02-12 09:23:02,509 - MDA - INFO -    MDA centroids: 024/100
2026-02-12 09:23:02,509 - MDA - INFO -    MDA centroids: 025/100
2026-02-12 09:23:02,509 - MDA - INFO -    MDA centroids: 026/100
2026-02-12 09:23:02,510 - MDA - INFO -    MDA centroids: 027/100
2026-02-12 09:23:02,510 - MDA - INFO -    MDA centroids: 028/100
2026-02-12 09:23:02,510 - MDA - INFO -    MDA centroids: 029/100
2026-02-12 09:23:02,510 - MDA - INFO -    MDA centroids: 030/100
2026-02-12 09:23:02,511 - MDA - INFO -    MDA centroids: 031/100
2026-02-12 09:23:02,511 - MDA - INFO -    MDA centroids: 032/100
2026-02-12 09:23:02,511 - MDA - INFO -    MDA centroids: 033/100
2026-02-12 09:23:02,511 - MDA - INFO -    MDA centroids: 034/100
2026-02-12 09:23:02,512 - MDA - INFO -    MDA centroids: 035/100
2026-02-12 09:23:02,512 - MDA - INFO -    MDA centroids: 036/100
2026-02-12 09:23:02,512 - MDA - INFO -    MDA centroids: 037/100
2026-02-12 09:23:02,512 - MDA - INFO -    MDA centroids: 038/100
2026-02-12 09:23:02,513 - MDA - INFO -    MDA centroids: 039/100
2026-02-12 09:23:02,513 - MDA - INFO -    MDA centroids: 040/100
2026-02-12 09:23:02,513 - MDA - INFO -    MDA centroids: 041/100
2026-02-12 09:23:02,514 - MDA - INFO -    MDA centroids: 042/100
2026-02-12 09:23:02,514 - MDA - INFO -    MDA centroids: 043/100
2026-02-12 09:23:02,514 - MDA - INFO -    MDA centroids: 044/100
2026-02-12 09:23:02,514 - MDA - INFO -    MDA centroids: 045/100
2026-02-12 09:23:02,514 - MDA - INFO -    MDA centroids: 046/100
2026-02-12 09:23:02,515 - MDA - INFO -    MDA centroids: 047/100
2026-02-12 09:23:02,515 - MDA - INFO -    MDA centroids: 048/100
2026-02-12 09:23:02,515 - MDA - INFO -    MDA centroids: 049/100
2026-02-12 09:23:02,515 - MDA - INFO -    MDA centroids: 050/100
2026-02-12 09:23:02,516 - MDA - INFO -    MDA centroids: 051/100
2026-02-12 09:23:02,516 - MDA - INFO -    MDA centroids: 052/100
2026-02-12 09:23:02,516 - MDA - INFO -    MDA centroids: 053/100
2026-02-12 09:23:02,516 - MDA - INFO -    MDA centroids: 054/100
2026-02-12 09:23:02,516 - MDA - INFO -    MDA centroids: 055/100
2026-02-12 09:23:02,517 - MDA - INFO -    MDA centroids: 056/100
2026-02-12 09:23:02,517 - MDA - INFO -    MDA centroids: 057/100
2026-02-12 09:23:02,517 - MDA - INFO -    MDA centroids: 058/100
2026-02-12 09:23:02,517 - MDA - INFO -    MDA centroids: 059/100
2026-02-12 09:23:02,518 - MDA - INFO -    MDA centroids: 060/100
2026-02-12 09:23:02,518 - MDA - INFO -    MDA centroids: 061/100
2026-02-12 09:23:02,518 - MDA - INFO -    MDA centroids: 062/100
2026-02-12 09:23:02,518 - MDA - INFO -    MDA centroids: 063/100
2026-02-12 09:23:02,519 - MDA - INFO -    MDA centroids: 064/100
2026-02-12 09:23:02,519 - MDA - INFO -    MDA centroids: 065/100
2026-02-12 09:23:02,519 - MDA - INFO -    MDA centroids: 066/100
2026-02-12 09:23:02,519 - MDA - INFO -    MDA centroids: 067/100
2026-02-12 09:23:02,520 - MDA - INFO -    MDA centroids: 068/100
2026-02-12 09:23:02,520 - MDA - INFO -    MDA centroids: 069/100
2026-02-12 09:23:02,520 - MDA - INFO -    MDA centroids: 070/100
2026-02-12 09:23:02,520 - MDA - INFO -    MDA centroids: 071/100
2026-02-12 09:23:02,520 - MDA - INFO -    MDA centroids: 072/100
2026-02-12 09:23:02,521 - MDA - INFO -    MDA centroids: 073/100
2026-02-12 09:23:02,521 - MDA - INFO -    MDA centroids: 074/100
2026-02-12 09:23:02,521 - MDA - INFO -    MDA centroids: 075/100
2026-02-12 09:23:02,521 - MDA - INFO -    MDA centroids: 076/100
2026-02-12 09:23:02,521 - MDA - INFO -    MDA centroids: 077/100
2026-02-12 09:23:02,522 - MDA - INFO -    MDA centroids: 078/100
2026-02-12 09:23:02,522 - MDA - INFO -    MDA centroids: 079/100
2026-02-12 09:23:02,522 - MDA - INFO -    MDA centroids: 080/100
2026-02-12 09:23:02,522 - MDA - INFO -    MDA centroids: 081/100
2026-02-12 09:23:02,523 - MDA - INFO -    MDA centroids: 082/100
2026-02-12 09:23:02,523 - MDA - INFO -    MDA centroids: 083/100
2026-02-12 09:23:02,523 - MDA - INFO -    MDA centroids: 084/100
2026-02-12 09:23:02,523 - MDA - INFO -    MDA centroids: 085/100
2026-02-12 09:23:02,523 - MDA - INFO -    MDA centroids: 086/100
2026-02-12 09:23:02,524 - MDA - INFO -    MDA centroids: 087/100
2026-02-12 09:23:02,524 - MDA - INFO -    MDA centroids: 088/100
2026-02-12 09:23:02,524 - MDA - INFO -    MDA centroids: 089/100
2026-02-12 09:23:02,524 - MDA - INFO -    MDA centroids: 090/100
2026-02-12 09:23:02,524 - MDA - INFO -    MDA centroids: 091/100
2026-02-12 09:23:02,525 - MDA - INFO -    MDA centroids: 092/100
2026-02-12 09:23:02,525 - MDA - INFO -    MDA centroids: 093/100
2026-02-12 09:23:02,525 - MDA - INFO -    MDA centroids: 094/100
2026-02-12 09:23:02,525 - MDA - INFO -    MDA centroids: 095/100
2026-02-12 09:23:02,525 - MDA - INFO -    MDA centroids: 096/100
2026-02-12 09:23:02,526 - MDA - INFO -    MDA centroids: 097/100
2026-02-12 09:23:02,526 - MDA - INFO -    MDA centroids: 098/100
2026-02-12 09:23:02,526 - MDA - INFO -    MDA centroids: 099/100
2026-02-12 09:23:02,526 - MDA - INFO -    MDA centroids: 100/100
2026-02-12 10:24:22,841 - MDA - INFO - Setting self.num_workers to 1. Change it using self.set_num_processors_to_use method.
2026-02-12 10:24:22,849 - MDA - INFO - Using specified seed=0 as first centroid.
2026-02-12 10:24:22,850 - MDA - INFO -    MDA centroids: 002/100
2026-02-12 10:24:22,851 - MDA - INFO -    MDA centroids: 003/100
2026-02-12 10:24:22,851 - MDA - INFO -    MDA centroids: 004/100
2026-02-12 10:24:22,852 - MDA - INFO -    MDA centroids: 005/100
2026-02-12 10:24:22,852 - MDA - INFO -    MDA centroids: 006/100
2026-02-12 10:24:22,852 - MDA - INFO -    MDA centroids: 007/100
2026-02-12 10:24:22,852 - MDA - INFO -    MDA centroids: 008/100
2026-02-12 10:24:22,853 - MDA - INFO -    MDA centroids: 009/100
2026-02-12 10:24:22,853 - MDA - INFO -    MDA centroids: 010/100
2026-02-12 10:24:22,853 - MDA - INFO -    MDA centroids: 011/100
2026-02-12 10:24:22,854 - MDA - INFO -    MDA centroids: 012/100
2026-02-12 10:24:22,854 - MDA - INFO -    MDA centroids: 013/100
2026-02-12 10:24:22,854 - MDA - INFO -    MDA centroids: 014/100
2026-02-12 10:24:22,854 - MDA - INFO -    MDA centroids: 015/100
2026-02-12 10:24:22,855 - MDA - INFO -    MDA centroids: 016/100
2026-02-12 10:24:22,855 - MDA - INFO -    MDA centroids: 017/100
2026-02-12 10:24:22,855 - MDA - INFO -    MDA centroids: 018/100
2026-02-12 10:24:22,855 - MDA - INFO -    MDA centroids: 019/100
2026-02-12 10:24:22,856 - MDA - INFO -    MDA centroids: 020/100
2026-02-12 10:24:22,856 - MDA - INFO -    MDA centroids: 021/100
2026-02-12 10:24:22,856 - MDA - INFO -    MDA centroids: 022/100
2026-02-12 10:24:22,856 - MDA - INFO -    MDA centroids: 023/100
2026-02-12 10:24:22,857 - MDA - INFO -    MDA centroids: 024/100
2026-02-12 10:24:22,858 - MDA - INFO -    MDA centroids: 025/100
2026-02-12 10:24:22,858 - MDA - INFO -    MDA centroids: 026/100
2026-02-12 10:24:22,858 - MDA - INFO -    MDA centroids: 027/100
2026-02-12 10:24:22,859 - MDA - INFO -    MDA centroids: 028/100
2026-02-12 10:24:22,859 - MDA - INFO -    MDA centroids: 029/100
2026-02-12 10:24:22,859 - MDA - INFO -    MDA centroids: 030/100
2026-02-12 10:24:22,860 - MDA - INFO -    MDA centroids: 031/100
2026-02-12 10:24:22,860 - MDA - INFO -    MDA centroids: 032/100
2026-02-12 10:24:22,860 - MDA - INFO -    MDA centroids: 033/100
2026-02-12 10:24:22,860 - MDA - INFO -    MDA centroids: 034/100
2026-02-12 10:24:22,861 - MDA - INFO -    MDA centroids: 035/100
2026-02-12 10:24:22,861 - MDA - INFO -    MDA centroids: 036/100
2026-02-12 10:24:22,861 - MDA - INFO -    MDA centroids: 037/100
2026-02-12 10:24:22,861 - MDA - INFO -    MDA centroids: 038/100
2026-02-12 10:24:22,862 - MDA - INFO -    MDA centroids: 039/100
2026-02-12 10:24:22,862 - MDA - INFO -    MDA centroids: 040/100
2026-02-12 10:24:22,862 - MDA - INFO -    MDA centroids: 041/100
2026-02-12 10:24:22,862 - MDA - INFO -    MDA centroids: 042/100
2026-02-12 10:24:22,863 - MDA - INFO -    MDA centroids: 043/100
2026-02-12 10:24:22,863 - MDA - INFO -    MDA centroids: 044/100
2026-02-12 10:24:22,863 - MDA - INFO -    MDA centroids: 045/100
2026-02-12 10:24:22,864 - MDA - INFO -    MDA centroids: 046/100
2026-02-12 10:24:22,864 - MDA - INFO -    MDA centroids: 047/100
2026-02-12 10:24:22,865 - MDA - INFO -    MDA centroids: 048/100
2026-02-12 10:24:22,866 - MDA - INFO -    MDA centroids: 049/100
2026-02-12 10:24:22,866 - MDA - INFO -    MDA centroids: 050/100
2026-02-12 10:24:22,866 - MDA - INFO -    MDA centroids: 051/100
2026-02-12 10:24:22,867 - MDA - INFO -    MDA centroids: 052/100
2026-02-12 10:24:22,867 - MDA - INFO -    MDA centroids: 053/100
2026-02-12 10:24:22,868 - MDA - INFO -    MDA centroids: 054/100
2026-02-12 10:24:22,869 - MDA - INFO -    MDA centroids: 055/100
2026-02-12 10:24:22,869 - MDA - INFO -    MDA centroids: 056/100
2026-02-12 10:24:22,870 - MDA - INFO -    MDA centroids: 057/100
2026-02-12 10:24:22,871 - MDA - INFO -    MDA centroids: 058/100
2026-02-12 10:24:22,871 - MDA - INFO -    MDA centroids: 059/100
2026-02-12 10:24:22,872 - MDA - INFO -    MDA centroids: 060/100
2026-02-12 10:24:22,872 - MDA - INFO -    MDA centroids: 061/100
2026-02-12 10:24:22,872 - MDA - INFO -    MDA centroids: 062/100
2026-02-12 10:24:22,873 - MDA - INFO -    MDA centroids: 063/100
2026-02-12 10:24:22,873 - MDA - INFO -    MDA centroids: 064/100
2026-02-12 10:24:22,873 - MDA - INFO -    MDA centroids: 065/100
2026-02-12 10:24:22,873 - MDA - INFO -    MDA centroids: 066/100
2026-02-12 10:24:22,874 - MDA - INFO -    MDA centroids: 067/100
2026-02-12 10:24:22,874 - MDA - INFO -    MDA centroids: 068/100
2026-02-12 10:24:22,874 - MDA - INFO -    MDA centroids: 069/100
2026-02-12 10:24:22,874 - MDA - INFO -    MDA centroids: 070/100
2026-02-12 10:24:22,875 - MDA - INFO -    MDA centroids: 071/100
2026-02-12 10:24:22,875 - MDA - INFO -    MDA centroids: 072/100
2026-02-12 10:24:22,875 - MDA - INFO -    MDA centroids: 073/100
2026-02-12 10:24:22,875 - MDA - INFO -    MDA centroids: 074/100
2026-02-12 10:24:22,876 - MDA - INFO -    MDA centroids: 075/100
2026-02-12 10:24:22,876 - MDA - INFO -    MDA centroids: 076/100
2026-02-12 10:24:22,876 - MDA - INFO -    MDA centroids: 077/100
2026-02-12 10:24:22,876 - MDA - INFO -    MDA centroids: 078/100
2026-02-12 10:24:22,877 - MDA - INFO -    MDA centroids: 079/100
2026-02-12 10:24:22,877 - MDA - INFO -    MDA centroids: 080/100
2026-02-12 10:24:22,877 - MDA - INFO -    MDA centroids: 081/100
2026-02-12 10:24:22,878 - MDA - INFO -    MDA centroids: 082/100
2026-02-12 10:24:22,878 - MDA - INFO -    MDA centroids: 083/100
2026-02-12 10:24:22,878 - MDA - INFO -    MDA centroids: 084/100
2026-02-12 10:24:22,878 - MDA - INFO -    MDA centroids: 085/100
2026-02-12 10:24:22,879 - MDA - INFO -    MDA centroids: 086/100
2026-02-12 10:24:22,879 - MDA - INFO -    MDA centroids: 087/100
2026-02-12 10:24:22,879 - MDA - INFO -    MDA centroids: 088/100
2026-02-12 10:24:22,879 - MDA - INFO -    MDA centroids: 089/100
2026-02-12 10:24:22,880 - MDA - INFO -    MDA centroids: 090/100
2026-02-12 10:24:22,880 - MDA - INFO -    MDA centroids: 091/100
2026-02-12 10:24:22,880 - MDA - INFO -    MDA centroids: 092/100
2026-02-12 10:24:22,880 - MDA - INFO -    MDA centroids: 093/100
2026-02-12 10:24:22,880 - MDA - INFO -    MDA centroids: 094/100
2026-02-12 10:24:22,881 - MDA - INFO -    MDA centroids: 095/100
2026-02-12 10:24:22,881 - MDA - INFO -    MDA centroids: 096/100
2026-02-12 10:24:22,881 - MDA - INFO -    MDA centroids: 097/100
2026-02-12 10:24:22,881 - MDA - INFO -    MDA centroids: 098/100
2026-02-12 10:24:22,882 - MDA - INFO -    MDA centroids: 099/100
2026-02-12 10:24:22,882 - MDA - INFO -    MDA centroids: 100/100
