2026-02-19 02:21:49,561 - OpenFoamWrapper - INFO - Setting self.num_workers to 1. Change it using self.set_num_processors_to_use method.
2026-02-19 02:21:49,561 - OpenFoamWrapper - WARNING - Parameter hs is not in the default_parameters
2026-02-19 02:21:49,562 - OpenFoamWrapper - WARNING - Parameter tp is not in the default_parameters
2026-02-19 02:21:49,562 - OpenFoamWrapper - WARNING - Parameter swl is not in the default_parameters
2026-02-19 02:21:49,563 - OpenFoamWrapper - INFO - Templates name is 'all', so all templates in inputs/templates/openfoam will be used.
2026-02-19 02:21:49,563 - OpenFoamWrapper - INFO - Templates names: ['0/R', '0/U', '0/U.org', '0/alpha.water', '0/alpha1.org', '0/k', '0/nut', '0/omega', '0/p', '0/p_rgh', '0/pd.org', '0/zeta', 'constant/dynamicMeshDict', 'constant/environmentalProperties', 'constant/g', 'constant/polyMesh/blockMeshDict', 'constant/polyMesh/boundary', 'constant/polyMesh/faces', 'constant/polyMesh/neighbour', 'constant/polyMesh/owner', 'constant/polyMesh/points', 'constant/postProcessingProperties', 'constant/probeDefinitions', 'constant/transportProperties', 'constant/turbulenceProperties', 'constant/waveProperties', 'constant/waveProperties.input', 'system/controlDict', 'system/controlDict.org', 'system/decomposeParDict', 'system/fvSchemes', 'system/fvSolution', 'system/sampleDict', 'system/sets', 'system/surfaceElevationDict']
2026-02-19 02:22:18,725 - OpenFoamWrapper - INFO - Saving model to outputs/openfoam
2026-02-19 02:23:16,676 - OpenFoamWrapper - INFO - Setting self.num_workers to 1. Change it using self.set_num_processors_to_use method.
2026-02-19 02:23:16,677 - OpenFoamWrapper - WARNING - Parameter hs is not in the default_parameters
2026-02-19 02:23:16,677 - OpenFoamWrapper - WARNING - Parameter tp is not in the default_parameters
2026-02-19 02:23:16,678 - OpenFoamWrapper - WARNING - Parameter swl is not in the default_parameters
2026-02-19 02:23:16,678 - OpenFoamWrapper - INFO - Templates name is 'all', so all templates in inputs/templates/openfoam will be used.
2026-02-19 02:23:16,679 - OpenFoamWrapper - INFO - Templates names: ['0/R', '0/U', '0/U.org', '0/alpha.water', '0/alpha1.org', '0/k', '0/nut', '0/omega', '0/p', '0/p_rgh', '0/pd.org', '0/zeta', 'constant/dynamicMeshDict', 'constant/environmentalProperties', 'constant/g', 'constant/polyMesh/blockMeshDict', 'constant/polyMesh/boundary', 'constant/polyMesh/faces', 'constant/polyMesh/neighbour', 'constant/polyMesh/owner', 'constant/polyMesh/points', 'constant/postProcessingProperties', 'constant/probeDefinitions', 'constant/transportProperties', 'constant/turbulenceProperties', 'constant/waveProperties', 'constant/waveProperties.input', 'system/controlDict', 'system/controlDict.org', 'system/decomposeParDict', 'system/fvSchemes', 'system/fvSolution', 'system/sampleDict', 'system/sets', 'system/surfaceElevationDict']
2026-02-19 02:23:16,689 - OpenFoamWrapper - INFO - Saving model to outputs/openfoam/open_foam_model.pkl
2026-02-19 02:58:41,633 - OpenFoamWrapper - INFO - Setting self.num_workers to 1. Change it using self.set_num_processors_to_use method.
2026-02-19 02:58:41,633 - OpenFoamWrapper - WARNING - Parameter hs is not in the default_parameters
2026-02-19 02:58:41,634 - OpenFoamWrapper - WARNING - Parameter tp is not in the default_parameters
2026-02-19 02:58:41,635 - OpenFoamWrapper - WARNING - Parameter swl is not in the default_parameters
2026-02-19 02:58:41,635 - OpenFoamWrapper - INFO - Templates name is 'all', so all templates in inputs/templates/openfoam will be used.
2026-02-19 02:58:41,636 - OpenFoamWrapper - INFO - Templates names: ['0/R', '0/U', '0/U.org', '0/alpha.water', '0/alpha1.org', '0/k', '0/nut', '0/omega', '0/p', '0/p_rgh', '0/pd.org', '0/zeta', 'constant/dynamicMeshDict', 'constant/environmentalProperties', 'constant/g', 'constant/polyMesh/blockMeshDict', 'constant/polyMesh/boundary', 'constant/polyMesh/faces', 'constant/polyMesh/neighbour', 'constant/polyMesh/owner', 'constant/polyMesh/points', 'constant/postProcessingProperties', 'constant/probeDefinitions', 'constant/transportProperties', 'constant/turbulenceProperties', 'constant/waveProperties', 'constant/waveProperties.input', 'system/controlDict', 'system/controlDict.org', 'system/decomposeParDict', 'system/fvSchemes', 'system/fvSolution', 'system/sampleDict', 'system/sets', 'system/surfaceElevationDict']
2026-02-19 02:58:41,652 - OpenFoamWrapper - INFO - Saving model to outputs/openfoam/open_foam_model.pkl
2026-02-19 03:01:15,902 - OpenFoamWrapper - INFO - Setting self.num_workers to 1. Change it using self.set_num_processors_to_use method.
2026-02-19 03:01:15,902 - OpenFoamWrapper - WARNING - Parameter hs is not in the default_parameters
2026-02-19 03:01:15,903 - OpenFoamWrapper - WARNING - Parameter tp is not in the default_parameters
2026-02-19 03:01:15,903 - OpenFoamWrapper - WARNING - Parameter swl is not in the default_parameters
2026-02-19 03:01:15,904 - OpenFoamWrapper - INFO - Templates name is 'all', so all templates in inputs/templates/openfoam will be used.
2026-02-19 03:01:15,904 - OpenFoamWrapper - INFO - Templates names: ['0/R', '0/U', '0/U.org', '0/alpha.water', '0/alpha1.org', '0/k', '0/nut', '0/omega', '0/p', '0/p_rgh', '0/pd.org', '0/zeta', 'constant/dynamicMeshDict', 'constant/environmentalProperties', 'constant/g', 'constant/polyMesh/blockMeshDict', 'constant/polyMesh/boundary', 'constant/polyMesh/faces', 'constant/polyMesh/neighbour', 'constant/polyMesh/owner', 'constant/polyMesh/points', 'constant/postProcessingProperties', 'constant/probeDefinitions', 'constant/transportProperties', 'constant/turbulenceProperties', 'constant/waveProperties', 'constant/waveProperties.input', 'system/controlDict', 'system/controlDict.org', 'system/decomposeParDict', 'system/fvSchemes', 'system/fvSolution', 'system/sampleDict', 'system/sets', 'system/surfaceElevationDict']
2026-02-19 03:01:33,949 - OpenFoamWrapper - INFO - Saving model to outputs/openfoam/open_foam_model.pkl
2026-02-19 03:01:40,306 - OpenFoamWrapper - INFO - Setting self.num_workers to 1. Change it using self.set_num_processors_to_use method.
2026-02-19 03:01:40,306 - OpenFoamWrapper - WARNING - Parameter hs is not in the default_parameters
2026-02-19 03:01:40,307 - OpenFoamWrapper - WARNING - Parameter tp is not in the default_parameters
2026-02-19 03:01:40,307 - OpenFoamWrapper - WARNING - Parameter swl is not in the default_parameters
2026-02-19 03:01:40,308 - OpenFoamWrapper - INFO - Templates name is 'all', so all templates in inputs/templates/openfoam will be used.
2026-02-19 03:01:40,308 - OpenFoamWrapper - INFO - Templates names: ['0/R', '0/U', '0/U.org', '0/alpha.water', '0/alpha1.org', '0/k', '0/nut', '0/omega', '0/p', '0/p_rgh', '0/pd.org', '0/zeta', 'constant/dynamicMeshDict', 'constant/environmentalProperties', 'constant/g', 'constant/polyMesh/blockMeshDict', 'constant/polyMesh/boundary', 'constant/polyMesh/faces', 'constant/polyMesh/neighbour', 'constant/polyMesh/owner', 'constant/polyMesh/points', 'constant/postProcessingProperties', 'constant/probeDefinitions', 'constant/transportProperties', 'constant/turbulenceProperties', 'constant/waveProperties', 'constant/waveProperties.input', 'system/controlDict', 'system/controlDict.org', 'system/decomposeParDict', 'system/fvSchemes', 'system/fvSolution', 'system/sampleDict', 'system/sets', 'system/surfaceElevationDict']
2026-02-19 03:01:40,324 - OpenFoamWrapper - INFO - Saving model to outputs/openfoam/open_foam_model.pkl
