2026-02-16 10:42:47,701 - OpenFoamWrapper - INFO - Setting self.num_workers to 1. Change it using self.set_num_processors_to_use method.
2026-02-16 10:42:47,701 - OpenFoamWrapper - WARNING - Parameter hs is not in the default_parameters
2026-02-16 10:42:47,702 - OpenFoamWrapper - WARNING - Parameter tp is not in the default_parameters
2026-02-16 10:42:47,702 - OpenFoamWrapper - WARNING - Parameter swl is not in the default_parameters
2026-02-16 10:42:47,704 - OpenFoamWrapper - INFO - Templates name is 'all', so all templates in inputs/templates/openfoam will be used.
2026-02-16 10:42:47,704 - OpenFoamWrapper - INFO - Templates names: ['0/R', '0/U', '0/U.org', '0/alpha.water', '0/alpha1.org', '0/k', '0/nut', '0/omega', '0/p', '0/p_rgh', '0/pd.org', '0/zeta', 'constant/dynamicMeshDict', 'constant/environmentalProperties', 'constant/g', 'constant/polyMesh/blockMeshDict', 'constant/polyMesh/boundary', 'constant/polyMesh/faces', 'constant/polyMesh/neighbour', 'constant/polyMesh/owner', 'constant/polyMesh/points', 'constant/postProcessingProperties', 'constant/probeDefinitions', 'constant/transportProperties', 'constant/turbulenceProperties', 'constant/waveProperties', 'constant/waveProperties.input', 'system/controlDict', 'system/decomposeParDict', 'system/fvSchemes', 'system/fvSolution', 'system/sampleDict', 'system/sets', 'system/surfaceElevationDict']
2026-02-16 10:42:53,385 - OpenFoamWrapper - INFO - 10 cases created in one_by_one mode and saved in outputs/openfoam_cases
2026-02-16 10:42:53,385 - OpenFoamWrapper - INFO - SBATCH example file generated in outputs/openfoam_cases
2026-02-16 10:44:24,034 - OpenFoamWrapper - INFO - Setting self.num_workers to 1. Change it using self.set_num_processors_to_use method.
2026-02-16 10:44:24,035 - OpenFoamWrapper - WARNING - Parameter hs is not in the default_parameters
2026-02-16 10:44:24,035 - OpenFoamWrapper - WARNING - Parameter tp is not in the default_parameters
2026-02-16 10:44:24,036 - OpenFoamWrapper - WARNING - Parameter swl is not in the default_parameters
2026-02-16 10:44:24,037 - OpenFoamWrapper - INFO - Templates name is 'all', so all templates in inputs/templates/openfoam will be used.
2026-02-16 10:44:24,037 - OpenFoamWrapper - INFO - Templates names: ['0/R', '0/U.org', '0/U.org2', '0/alpha.water', '0/alpha1.org', '0/k', '0/nut', '0/omega', '0/p', '0/p_rgh', '0/pd.org', '0/zeta', 'constant/dynamicMeshDict', 'constant/environmentalProperties', 'constant/g', 'constant/polyMesh/blockMeshDict', 'constant/polyMesh/boundary', 'constant/polyMesh/faces', 'constant/polyMesh/neighbour', 'constant/polyMesh/owner', 'constant/polyMesh/points', 'constant/postProcessingProperties', 'constant/probeDefinitions', 'constant/transportProperties', 'constant/turbulenceProperties', 'constant/waveProperties.input', 'constant/waveProperties.org', 'system/controlDict', 'system/decomposeParDict', 'system/fvSchemes', 'system/fvSolution', 'system/sampleDict', 'system/sets', 'system/surfaceElevationDict']
2026-02-16 10:44:25,541 - OpenFoamWrapper - INFO - 10 cases created in one_by_one mode and saved in outputs/openfoam_cases
2026-02-16 10:44:25,541 - OpenFoamWrapper - INFO - SBATCH example file generated in outputs/openfoam_cases
2026-02-16 10:54:59,680 - OpenFoamWrapper - INFO - Setting self.num_workers to 1. Change it using self.set_num_processors_to_use method.
2026-02-16 10:54:59,680 - OpenFoamWrapper - WARNING - Parameter hs is not in the default_parameters
2026-02-16 10:54:59,681 - OpenFoamWrapper - WARNING - Parameter tp is not in the default_parameters
2026-02-16 10:54:59,681 - OpenFoamWrapper - WARNING - Parameter swl is not in the default_parameters
2026-02-16 10:54:59,682 - OpenFoamWrapper - INFO - Templates name is 'all', so all templates in inputs/templates/openfoam will be used.
2026-02-16 10:54:59,683 - OpenFoamWrapper - INFO - Templates names: ['0/R', '0/U.org', '0/U.org2', '0/alpha.water', '0/alpha1.org', '0/k', '0/nut', '0/omega', '0/p', '0/p_rgh', '0/pd.org', '0/zeta', 'constant/dynamicMeshDict', 'constant/environmentalProperties', 'constant/g', 'constant/polyMesh/blockMeshDict', 'constant/polyMesh/boundary', 'constant/polyMesh/faces', 'constant/polyMesh/neighbour', 'constant/polyMesh/owner', 'constant/polyMesh/points', 'constant/postProcessingProperties', 'constant/probeDefinitions', 'constant/transportProperties', 'constant/turbulenceProperties', 'constant/waveProperties.input', 'constant/waveProperties.org', 'system/controlDict', 'system/decomposeParDict', 'system/fvSchemes', 'system/fvSolution', 'system/sampleDict', 'system/sets', 'system/surfaceElevationDict']
2026-02-16 10:55:38,914 - OpenFoamWrapper - INFO - 10 cases created in one_by_one mode and saved in outputs/openfoam_cases
2026-02-16 10:55:38,915 - OpenFoamWrapper - INFO - SBATCH example file generated in outputs/openfoam_cases
2026-02-16 10:56:26,048 - OpenFoamWrapper - INFO - Setting self.num_workers to 1. Change it using self.set_num_processors_to_use method.
2026-02-16 10:56:26,048 - OpenFoamWrapper - WARNING - Parameter hs is not in the default_parameters
2026-02-16 10:56:26,049 - OpenFoamWrapper - WARNING - Parameter tp is not in the default_parameters
2026-02-16 10:56:26,050 - OpenFoamWrapper - WARNING - Parameter swl is not in the default_parameters
2026-02-16 10:56:26,050 - OpenFoamWrapper - INFO - Templates name is 'all', so all templates in inputs/templates/openfoam will be used.
2026-02-16 10:56:26,051 - OpenFoamWrapper - INFO - Templates names: ['0/R', '0/U.org', '0/U.org2', '0/alpha.water', '0/alpha1.org', '0/k', '0/nut', '0/omega', '0/p', '0/p_rgh', '0/pd.org', '0/zeta', 'constant/dynamicMeshDict', 'constant/environmentalProperties', 'constant/g', 'constant/polyMesh/blockMeshDict', 'constant/polyMesh/boundary', 'constant/polyMesh/faces', 'constant/polyMesh/neighbour', 'constant/polyMesh/owner', 'constant/polyMesh/points', 'constant/postProcessingProperties', 'constant/probeDefinitions', 'constant/transportProperties', 'constant/turbulenceProperties', 'constant/waveProperties.input', 'constant/waveProperties.org', 'system/controlDict', 'system/decomposeParDict', 'system/fvSchemes', 'system/fvSolution', 'system/sampleDict', 'system/sets', 'system/surfaceElevationDict']
2026-02-16 10:56:47,542 - OpenFoamWrapper - INFO - 10 cases created in one_by_one mode and saved in outputs/openfoam_cases
2026-02-16 10:56:47,543 - OpenFoamWrapper - INFO - SBATCH example file generated in outputs/openfoam_cases
2026-02-16 11:00:53,704 - OpenFoamWrapper - INFO - Setting self.num_workers to 1. Change it using self.set_num_processors_to_use method.
2026-02-16 11:00:53,704 - OpenFoamWrapper - WARNING - Parameter hs is not in the default_parameters
2026-02-16 11:00:53,705 - OpenFoamWrapper - WARNING - Parameter tp is not in the default_parameters
2026-02-16 11:00:53,705 - OpenFoamWrapper - WARNING - Parameter swl is not in the default_parameters
2026-02-16 11:00:53,706 - OpenFoamWrapper - INFO - Templates name is 'all', so all templates in inputs/templates/openfoam will be used.
2026-02-16 11:00:53,706 - OpenFoamWrapper - INFO - Templates names: ['0/R', '0/U', '0/U.org', '0/alpha.water', '0/alpha1.org', '0/k', '0/nut', '0/omega', '0/p', '0/p_rgh', '0/pd.org', '0/zeta', 'constant/dynamicMeshDict', 'constant/environmentalProperties', 'constant/g', 'constant/polyMesh/blockMeshDict', 'constant/polyMesh/boundary', 'constant/polyMesh/faces', 'constant/polyMesh/neighbour', 'constant/polyMesh/owner', 'constant/polyMesh/points', 'constant/postProcessingProperties', 'constant/probeDefinitions', 'constant/transportProperties', 'constant/turbulenceProperties', 'constant/waveProperties', 'constant/waveProperties.input', 'system/controlDict', 'system/decomposeParDict', 'system/fvSchemes', 'system/fvSolution', 'system/sampleDict', 'system/sets', 'system/surfaceElevationDict']
2026-02-16 11:01:16,794 - OpenFoamWrapper - INFO - 10 cases created in one_by_one mode and saved in outputs/openfoam_cases
2026-02-16 11:01:16,794 - OpenFoamWrapper - INFO - SBATCH example file generated in outputs/openfoam_cases
2026-02-16 11:14:45,121 - OpenFoamWrapper - INFO - Setting self.num_workers to 1. Change it using self.set_num_processors_to_use method.
2026-02-16 11:14:45,121 - OpenFoamWrapper - WARNING - Parameter hs is not in the default_parameters
2026-02-16 11:14:45,122 - OpenFoamWrapper - WARNING - Parameter tp is not in the default_parameters
2026-02-16 11:14:45,122 - OpenFoamWrapper - WARNING - Parameter swl is not in the default_parameters
2026-02-16 11:14:45,123 - OpenFoamWrapper - INFO - Templates name is 'all', so all templates in inputs/templates/openfoam will be used.
2026-02-16 11:14:45,123 - OpenFoamWrapper - INFO - Templates names: ['0/R', '0/U', '0/U.org', '0/alpha.water', '0/alpha1.org', '0/k', '0/nut', '0/omega', '0/p', '0/p_rgh', '0/pd.org', '0/zeta', 'constant/dynamicMeshDict', 'constant/environmentalProperties', 'constant/g', 'constant/polyMesh/blockMeshDict', 'constant/polyMesh/boundary', 'constant/polyMesh/faces', 'constant/polyMesh/neighbour', 'constant/polyMesh/owner', 'constant/polyMesh/points', 'constant/postProcessingProperties', 'constant/probeDefinitions', 'constant/transportProperties', 'constant/turbulenceProperties', 'constant/waveProperties', 'constant/waveProperties.input', 'system/controlDict', 'system/controlDict.org', 'system/decomposeParDict', 'system/fvSchemes', 'system/fvSolution', 'system/sampleDict', 'system/sets', 'system/surfaceElevationDict']
2026-02-16 11:15:07,742 - OpenFoamWrapper - INFO - 10 cases created in one_by_one mode and saved in outputs/openfoam_cases
2026-02-16 11:15:07,742 - OpenFoamWrapper - INFO - SBATCH example file generated in outputs/openfoam_cases
2026-02-16 11:18:02,545 - OpenFoamWrapper - INFO - Setting self.num_workers to 1. Change it using self.set_num_processors_to_use method.
2026-02-16 11:18:02,546 - OpenFoamWrapper - WARNING - Parameter hs is not in the default_parameters
2026-02-16 11:18:02,546 - OpenFoamWrapper - WARNING - Parameter tp is not in the default_parameters
2026-02-16 11:18:02,547 - OpenFoamWrapper - WARNING - Parameter swl is not in the default_parameters
2026-02-16 11:18:02,547 - OpenFoamWrapper - INFO - Templates name is 'all', so all templates in inputs/templates/openfoam will be used.
2026-02-16 11:18:02,548 - OpenFoamWrapper - INFO - Templates names: ['0/R', '0/U', '0/U.org', '0/alpha.water', '0/alpha1.org', '0/k', '0/nut', '0/omega', '0/p', '0/p_rgh', '0/pd.org', '0/zeta', 'constant/dynamicMeshDict', 'constant/environmentalProperties', 'constant/g', 'constant/polyMesh/blockMeshDict', 'constant/polyMesh/boundary', 'constant/polyMesh/faces', 'constant/polyMesh/neighbour', 'constant/polyMesh/owner', 'constant/polyMesh/points', 'constant/postProcessingProperties', 'constant/probeDefinitions', 'constant/transportProperties', 'constant/turbulenceProperties', 'constant/waveProperties', 'constant/waveProperties.input', 'system/controlDict', 'system/controlDict.org', 'system/decomposeParDict', 'system/fvSchemes', 'system/fvSolution', 'system/sampleDict', 'system/sets', 'system/surfaceElevationDict']
2026-02-16 11:18:35,796 - OpenFoamWrapper - INFO - 10 cases created in one_by_one mode and saved in outputs/openfoam_cases
2026-02-16 11:18:35,797 - OpenFoamWrapper - INFO - SBATCH example file generated in outputs/openfoam_cases
2026-02-16 11:19:26,392 - OpenFoamWrapper - INFO - Setting self.num_workers to 1. Change it using self.set_num_processors_to_use method.
2026-02-16 11:19:26,392 - OpenFoamWrapper - WARNING - Parameter hs is not in the default_parameters
2026-02-16 11:19:26,393 - OpenFoamWrapper - WARNING - Parameter tp is not in the default_parameters
2026-02-16 11:19:26,393 - OpenFoamWrapper - WARNING - Parameter swl is not in the default_parameters
2026-02-16 11:19:26,394 - OpenFoamWrapper - INFO - Templates name is 'all', so all templates in inputs/templates/openfoam will be used.
2026-02-16 11:19:26,394 - OpenFoamWrapper - INFO - Templates names: ['0/R', '0/U', '0/U.org', '0/alpha.water', '0/alpha1.org', '0/k', '0/nut', '0/omega', '0/p', '0/p_rgh', '0/pd.org', '0/zeta', 'constant/dynamicMeshDict', 'constant/environmentalProperties', 'constant/g', 'constant/polyMesh/blockMeshDict', 'constant/polyMesh/boundary', 'constant/polyMesh/faces', 'constant/polyMesh/neighbour', 'constant/polyMesh/owner', 'constant/polyMesh/points', 'constant/postProcessingProperties', 'constant/probeDefinitions', 'constant/transportProperties', 'constant/turbulenceProperties', 'constant/waveProperties', 'constant/waveProperties.input', 'system/controlDict', 'system/controlDict.org', 'system/decomposeParDict', 'system/fvSchemes', 'system/fvSolution', 'system/sampleDict', 'system/sets', 'system/surfaceElevationDict']
2026-02-16 11:19:59,323 - OpenFoamWrapper - INFO - 10 cases created in one_by_one mode and saved in outputs/openfoam_cases
2026-02-16 11:19:59,323 - OpenFoamWrapper - INFO - SBATCH example file generated in outputs/openfoam_cases
2026-02-16 13:48:47,372 - OpenFoamWrapper - INFO - Setting self.num_workers to 1. Change it using self.set_num_processors_to_use method.
2026-02-16 13:48:47,372 - OpenFoamWrapper - WARNING - Parameter hs is not in the default_parameters
2026-02-16 13:48:47,373 - OpenFoamWrapper - WARNING - Parameter tp is not in the default_parameters
2026-02-16 13:48:47,374 - OpenFoamWrapper - WARNING - Parameter swl is not in the default_parameters
2026-02-16 13:48:47,374 - OpenFoamWrapper - INFO - Templates name is 'all', so all templates in inputs/templates/openfoam will be used.
2026-02-16 13:48:47,375 - OpenFoamWrapper - INFO - Templates names: ['0/R', '0/U', '0/U.org', '0/alpha.water', '0/alpha1.org', '0/k', '0/nut', '0/omega', '0/p', '0/p_rgh', '0/pd.org', '0/zeta', 'constant/dynamicMeshDict', 'constant/environmentalProperties', 'constant/g', 'constant/polyMesh/blockMeshDict', 'constant/polyMesh/boundary', 'constant/polyMesh/faces', 'constant/polyMesh/neighbour', 'constant/polyMesh/owner', 'constant/polyMesh/points', 'constant/postProcessingProperties', 'constant/probeDefinitions', 'constant/transportProperties', 'constant/turbulenceProperties', 'constant/waveProperties', 'constant/waveProperties.input', 'system/controlDict', 'system/controlDict.org', 'system/decomposeParDict', 'system/fvSchemes', 'system/fvSolution', 'system/sampleDict', 'system/sets', 'system/surfaceElevationDict']
2026-02-16 13:49:20,677 - OpenFoamWrapper - INFO - 10 cases created in one_by_one mode and saved in outputs/openfoam_cases
2026-02-16 13:49:20,677 - OpenFoamWrapper - INFO - SBATCH example file generated in outputs/openfoam_cases
