2026-02-13 03:17:30,287 - OpenFoamWrapper - INFO - Setting self.num_workers to 1. Change it using self.set_num_processors_to_use method.
2026-02-13 03:17:30,287 - OpenFoamWrapper - INFO - Templates name is 'all', so all templates in inputs/templates/openfoam will be used.
2026-02-13 03:17:30,288 - OpenFoamWrapper - INFO - Templates names: ['0/R', '0/U', '0/U.org', '0/alpha.water', '0/alpha1.org', '0/k', '0/nut', '0/omega', '0/p', '0/p_rgh', '0/pd.org', '0/zeta', 'constant/dynamicMeshDict', 'constant/environmentalProperties', 'constant/g', 'constant/polyMesh/blockMeshDict', 'constant/polyMesh/boundary', 'constant/polyMesh/faces', 'constant/polyMesh/neighbour', 'constant/polyMesh/owner', 'constant/polyMesh/points', 'constant/postProcessingProperties', 'constant/probeDefinitions', 'constant/transportProperties', 'constant/turbulenceProperties', 'constant/waveProperties', 'constant/waveProperties.input', 'system/controlDict', 'system/decomposeParDict', 'system/fvSchemes', 'system/fvSolution', 'system/sampleDict', 'system/sets', 'system/surfaceElevationDict']
2026-02-13 03:24:18,633 - OpenFoamWrapper - INFO - Setting self.num_workers to 1. Change it using self.set_num_processors_to_use method.
2026-02-13 03:24:18,633 - OpenFoamWrapper - INFO - Templates name is 'all', so all templates in inputs/templates/openfoam will be used.
2026-02-13 03:24:18,634 - OpenFoamWrapper - INFO - Templates names: ['0/R', '0/U', '0/U.org', '0/alpha.water', '0/alpha1.org', '0/k', '0/nut', '0/omega', '0/p', '0/p_rgh', '0/pd.org', '0/zeta', 'constant/dynamicMeshDict', 'constant/environmentalProperties', 'constant/g', 'constant/polyMesh/blockMeshDict', 'constant/polyMesh/boundary', 'constant/polyMesh/faces', 'constant/polyMesh/neighbour', 'constant/polyMesh/owner', 'constant/polyMesh/points', 'constant/postProcessingProperties', 'constant/probeDefinitions', 'constant/transportProperties', 'constant/turbulenceProperties', 'constant/waveProperties', 'constant/waveProperties.input', 'system/controlDict', 'system/decomposeParDict', 'system/fvSchemes', 'system/fvSolution', 'system/sampleDict', 'system/sets', 'system/surfaceElevationDict']
2026-02-13 03:25:37,198 - OpenFoamWrapper - INFO - Setting self.num_workers to 1. Change it using self.set_num_processors_to_use method.
2026-02-13 03:25:37,198 - OpenFoamWrapper - INFO - Templates name is 'all', so all templates in inputs/templates/openfoam will be used.
2026-02-13 03:25:37,198 - OpenFoamWrapper - INFO - Templates names: ['0/R', '0/U', '0/U.org', '0/alpha.water', '0/alpha1.org', '0/k', '0/nut', '0/omega', '0/p', '0/p_rgh', '0/pd.org', '0/zeta', 'constant/dynamicMeshDict', 'constant/environmentalProperties', 'constant/g', 'constant/polyMesh/blockMeshDict', 'constant/polyMesh/boundary', 'constant/polyMesh/faces', 'constant/polyMesh/neighbour', 'constant/polyMesh/owner', 'constant/polyMesh/points', 'constant/postProcessingProperties', 'constant/probeDefinitions', 'constant/transportProperties', 'constant/turbulenceProperties', 'constant/waveProperties', 'constant/waveProperties.input', 'system/controlDict', 'system/decomposeParDict', 'system/fvSchemes', 'system/fvSolution', 'system/sampleDict', 'system/sets', 'system/surfaceElevationDict']
2026-02-13 03:27:35,297 - OpenFoamWrapper - INFO - Setting self.num_workers to 1. Change it using self.set_num_processors_to_use method.
2026-02-13 03:27:35,297 - OpenFoamWrapper - INFO - Templates name is 'all', so all templates in inputs/templates/openfoam will be used.
2026-02-13 03:27:35,298 - OpenFoamWrapper - INFO - Templates names: ['0/R', '0/U', '0/U.org', '0/alpha.water', '0/alpha1.org', '0/k', '0/nut', '0/omega', '0/p', '0/p_rgh', '0/pd.org', '0/zeta', 'constant/dynamicMeshDict', 'constant/environmentalProperties', 'constant/g', 'constant/polyMesh/blockMeshDict', 'constant/polyMesh/boundary', 'constant/polyMesh/faces', 'constant/polyMesh/neighbour', 'constant/polyMesh/owner', 'constant/polyMesh/points', 'constant/postProcessingProperties', 'constant/probeDefinitions', 'constant/transportProperties', 'constant/turbulenceProperties', 'constant/waveProperties', 'constant/waveProperties.input', 'system/controlDict', 'system/decomposeParDict', 'system/fvSchemes', 'system/fvSolution', 'system/sampleDict', 'system/sets', 'system/surfaceElevationDict']
2026-02-13 03:27:59,137 - OpenFoamWrapper - INFO - 100 cases created in one_by_one mode and saved in outputs/openfoam_cases
2026-02-13 03:27:59,137 - OpenFoamWrapper - INFO - SBATCH example file generated in outputs/openfoam_cases
2026-02-13 03:30:18,365 - OpenFoamWrapper - INFO - Setting self.num_workers to 1. Change it using self.set_num_processors_to_use method.
2026-02-13 03:30:18,367 - OpenFoamWrapper - INFO - Templates name is 'all', so all templates in inputs/templates/openfoam will be used.
2026-02-13 03:30:18,368 - OpenFoamWrapper - INFO - Templates names: ['0/R', '0/U', '0/U.org', '0/alpha.water', '0/alpha1.org', '0/k', '0/nut', '0/omega', '0/p', '0/p_rgh', '0/pd.org', '0/zeta', 'constant/dynamicMeshDict', 'constant/environmentalProperties', 'constant/g', 'constant/polyMesh/blockMeshDict', 'constant/polyMesh/boundary', 'constant/polyMesh/faces', 'constant/polyMesh/neighbour', 'constant/polyMesh/owner', 'constant/polyMesh/points', 'constant/postProcessingProperties', 'constant/probeDefinitions', 'constant/transportProperties', 'constant/turbulenceProperties', 'constant/waveProperties', 'constant/waveProperties.input', 'system/controlDict', 'system/decomposeParDict', 'system/fvSchemes', 'system/fvSolution', 'system/sampleDict', 'system/sets', 'system/surfaceElevationDict']
2026-02-13 03:30:43,249 - OpenFoamWrapper - INFO - 100 cases created in one_by_one mode and saved in outputs/openfoam_cases
2026-02-13 03:30:43,249 - OpenFoamWrapper - INFO - SBATCH example file generated in outputs/openfoam_cases
2026-02-13 04:00:51,492 - OpenFoamWrapper - INFO - Setting self.num_workers to 1. Change it using self.set_num_processors_to_use method.
2026-02-13 04:00:51,495 - OpenFoamWrapper - INFO - Templates name is 'all', so all templates in inputs/templates/openfoam will be used.
2026-02-13 04:00:51,495 - OpenFoamWrapper - INFO - Templates names: ['0/R', '0/U', '0/U.org', '0/alpha.water', '0/alpha1.org', '0/k', '0/nut', '0/omega', '0/p', '0/p_rgh', '0/pd.org', '0/zeta', 'constant/dynamicMeshDict', 'constant/environmentalProperties', 'constant/g', 'constant/polyMesh/blockMeshDict', 'constant/polyMesh/boundary', 'constant/polyMesh/faces', 'constant/polyMesh/neighbour', 'constant/polyMesh/owner', 'constant/polyMesh/points', 'constant/postProcessingProperties', 'constant/probeDefinitions', 'constant/transportProperties', 'constant/turbulenceProperties', 'constant/waveProperties', 'constant/waveProperties.input', 'system/controlDict', 'system/decomposeParDict', 'system/fvSchemes', 'system/fvSolution', 'system/sampleDict', 'system/sets', 'system/surfaceElevationDict']
2026-02-13 04:02:28,737 - OpenFoamWrapper - INFO - Setting self.num_workers to 1. Change it using self.set_num_processors_to_use method.
2026-02-13 04:02:28,737 - OpenFoamWrapper - INFO - Templates name is 'all', so all templates in inputs/templates/openfoam will be used.
2026-02-13 04:02:28,737 - OpenFoamWrapper - INFO - Templates names: ['0/R', '0/U', '0/U.org', '0/alpha.water', '0/alpha1.org', '0/k', '0/nut', '0/omega', '0/p', '0/p_rgh', '0/pd.org', '0/zeta', 'constant/dynamicMeshDict', 'constant/environmentalProperties', 'constant/g', 'constant/polyMesh/blockMeshDict', 'constant/polyMesh/boundary', 'constant/polyMesh/faces', 'constant/polyMesh/neighbour', 'constant/polyMesh/owner', 'constant/polyMesh/points', 'constant/postProcessingProperties', 'constant/probeDefinitions', 'constant/transportProperties', 'constant/turbulenceProperties', 'constant/waveProperties', 'constant/waveProperties.input', 'system/controlDict', 'system/decomposeParDict', 'system/fvSchemes', 'system/fvSolution', 'system/sampleDict', 'system/sets', 'system/surfaceElevationDict']
2026-02-13 04:02:51,369 - OpenFoamWrapper - INFO - Setting self.num_workers to 1. Change it using self.set_num_processors_to_use method.
2026-02-13 04:02:51,369 - OpenFoamWrapper - INFO - Templates name is 'all', so all templates in inputs/templates/openfoam will be used.
2026-02-13 04:02:51,370 - OpenFoamWrapper - INFO - Templates names: ['0/R', '0/U', '0/U.org', '0/alpha.water', '0/alpha1.org', '0/k', '0/nut', '0/omega', '0/p', '0/p_rgh', '0/pd.org', '0/zeta', 'constant/dynamicMeshDict', 'constant/environmentalProperties', 'constant/g', 'constant/polyMesh/blockMeshDict', 'constant/polyMesh/boundary', 'constant/polyMesh/faces', 'constant/polyMesh/neighbour', 'constant/polyMesh/owner', 'constant/polyMesh/points', 'constant/postProcessingProperties', 'constant/probeDefinitions', 'constant/transportProperties', 'constant/turbulenceProperties', 'constant/waveProperties', 'constant/waveProperties.input', 'system/controlDict', 'system/decomposeParDict', 'system/fvSchemes', 'system/fvSolution', 'system/sampleDict', 'system/sets', 'system/surfaceElevationDict']
2026-02-13 04:02:59,237 - OpenFoamWrapper - INFO - Setting self.num_workers to 1. Change it using self.set_num_processors_to_use method.
2026-02-13 04:02:59,237 - OpenFoamWrapper - INFO - Templates name is 'all', so all templates in inputs/templates/openfoam will be used.
2026-02-13 04:02:59,237 - OpenFoamWrapper - INFO - Templates names: ['0/R', '0/U', '0/U.org', '0/alpha.water', '0/alpha1.org', '0/k', '0/nut', '0/omega', '0/p', '0/p_rgh', '0/pd.org', '0/zeta', 'constant/dynamicMeshDict', 'constant/environmentalProperties', 'constant/g', 'constant/polyMesh/blockMeshDict', 'constant/polyMesh/boundary', 'constant/polyMesh/faces', 'constant/polyMesh/neighbour', 'constant/polyMesh/owner', 'constant/polyMesh/points', 'constant/postProcessingProperties', 'constant/probeDefinitions', 'constant/transportProperties', 'constant/turbulenceProperties', 'constant/waveProperties', 'constant/waveProperties.input', 'system/controlDict', 'system/decomposeParDict', 'system/fvSchemes', 'system/fvSolution', 'system/sampleDict', 'system/sets', 'system/surfaceElevationDict']
2026-02-13 04:03:40,272 - OpenFoamWrapper - INFO - Setting self.num_workers to 1. Change it using self.set_num_processors_to_use method.
2026-02-13 04:03:40,272 - OpenFoamWrapper - INFO - Templates name is 'all', so all templates in inputs/templates/openfoam will be used.
2026-02-13 04:03:40,272 - OpenFoamWrapper - INFO - Templates names: ['0/R', '0/U', '0/U.org', '0/alpha.water', '0/alpha1.org', '0/k', '0/nut', '0/omega', '0/p', '0/p_rgh', '0/pd.org', '0/zeta', 'constant/dynamicMeshDict', 'constant/environmentalProperties', 'constant/g', 'constant/polyMesh/blockMeshDict', 'constant/polyMesh/boundary', 'constant/polyMesh/faces', 'constant/polyMesh/neighbour', 'constant/polyMesh/owner', 'constant/polyMesh/points', 'constant/postProcessingProperties', 'constant/probeDefinitions', 'constant/transportProperties', 'constant/turbulenceProperties', 'constant/waveProperties', 'constant/waveProperties.input', 'system/controlDict', 'system/decomposeParDict', 'system/fvSchemes', 'system/fvSolution', 'system/sampleDict', 'system/sets', 'system/surfaceElevationDict']
2026-02-13 04:04:38,920 - OpenFoamWrapper - INFO - Setting self.num_workers to 1. Change it using self.set_num_processors_to_use method.
2026-02-13 04:04:38,921 - OpenFoamWrapper - INFO - Templates name is 'all', so all templates in inputs/templates/openfoam will be used.
2026-02-13 04:04:38,921 - OpenFoamWrapper - INFO - Templates names: ['0/R', '0/U', '0/U.org', '0/alpha.water', '0/alpha1.org', '0/k', '0/nut', '0/omega', '0/p', '0/p_rgh', '0/pd.org', '0/zeta', 'constant/dynamicMeshDict', 'constant/environmentalProperties', 'constant/g', 'constant/polyMesh/blockMeshDict', 'constant/polyMesh/boundary', 'constant/polyMesh/faces', 'constant/polyMesh/neighbour', 'constant/polyMesh/owner', 'constant/polyMesh/points', 'constant/postProcessingProperties', 'constant/probeDefinitions', 'constant/transportProperties', 'constant/turbulenceProperties', 'constant/waveProperties', 'constant/waveProperties.input', 'system/controlDict', 'system/decomposeParDict', 'system/fvSchemes', 'system/fvSolution', 'system/sampleDict', 'system/sets', 'system/surfaceElevationDict']
2026-02-13 04:05:01,232 - OpenFoamWrapper - INFO - Setting self.num_workers to 1. Change it using self.set_num_processors_to_use method.
2026-02-13 04:05:01,233 - OpenFoamWrapper - INFO - Templates name is 'all', so all templates in inputs/templates/openfoam will be used.
2026-02-13 04:05:01,233 - OpenFoamWrapper - INFO - Templates names: ['0/R', '0/U', '0/U.org', '0/alpha.water', '0/alpha1.org', '0/k', '0/nut', '0/omega', '0/p', '0/p_rgh', '0/pd.org', '0/zeta', 'constant/dynamicMeshDict', 'constant/environmentalProperties', 'constant/g', 'constant/polyMesh/blockMeshDict', 'constant/polyMesh/boundary', 'constant/polyMesh/faces', 'constant/polyMesh/neighbour', 'constant/polyMesh/owner', 'constant/polyMesh/points', 'constant/postProcessingProperties', 'constant/probeDefinitions', 'constant/transportProperties', 'constant/turbulenceProperties', 'constant/waveProperties', 'constant/waveProperties.input', 'system/controlDict', 'system/decomposeParDict', 'system/fvSchemes', 'system/fvSolution', 'system/sampleDict', 'system/sets', 'system/surfaceElevationDict']
2026-02-13 04:05:50,403 - OpenFoamWrapper - INFO - Setting self.num_workers to 1. Change it using self.set_num_processors_to_use method.
2026-02-13 04:05:50,403 - OpenFoamWrapper - INFO - Templates name is 'all', so all templates in inputs/templates/openfoam will be used.
2026-02-13 04:05:50,404 - OpenFoamWrapper - INFO - Templates names: ['0/R', '0/U', '0/U.org', '0/alpha.water', '0/alpha1.org', '0/k', '0/nut', '0/omega', '0/p', '0/p_rgh', '0/pd.org', '0/zeta', 'constant/dynamicMeshDict', 'constant/environmentalProperties', 'constant/g', 'constant/polyMesh/blockMeshDict', 'constant/polyMesh/boundary', 'constant/polyMesh/faces', 'constant/polyMesh/neighbour', 'constant/polyMesh/owner', 'constant/polyMesh/points', 'constant/postProcessingProperties', 'constant/probeDefinitions', 'constant/transportProperties', 'constant/turbulenceProperties', 'constant/waveProperties', 'constant/waveProperties.input', 'system/controlDict', 'system/decomposeParDict', 'system/fvSchemes', 'system/fvSolution', 'system/sampleDict', 'system/sets', 'system/surfaceElevationDict']
2026-02-13 04:06:06,718 - OpenFoamWrapper - INFO - Setting self.num_workers to 1. Change it using self.set_num_processors_to_use method.
2026-02-13 04:06:06,718 - OpenFoamWrapper - INFO - Templates name is 'all', so all templates in inputs/templates/openfoam will be used.
2026-02-13 04:06:06,719 - OpenFoamWrapper - INFO - Templates names: ['0/R', '0/U', '0/U.org', '0/alpha.water', '0/alpha1.org', '0/k', '0/nut', '0/omega', '0/p', '0/p_rgh', '0/pd.org', '0/zeta', 'constant/dynamicMeshDict', 'constant/environmentalProperties', 'constant/g', 'constant/polyMesh/blockMeshDict', 'constant/polyMesh/boundary', 'constant/polyMesh/faces', 'constant/polyMesh/neighbour', 'constant/polyMesh/owner', 'constant/polyMesh/points', 'constant/postProcessingProperties', 'constant/probeDefinitions', 'constant/transportProperties', 'constant/turbulenceProperties', 'constant/waveProperties', 'constant/waveProperties.input', 'system/controlDict', 'system/decomposeParDict', 'system/fvSchemes', 'system/fvSolution', 'system/sampleDict', 'system/sets', 'system/surfaceElevationDict']
2026-02-13 04:07:19,553 - OpenFoamWrapper - INFO - Setting self.num_workers to 1. Change it using self.set_num_processors_to_use method.
2026-02-13 04:07:19,554 - OpenFoamWrapper - INFO - Templates name is 'all', so all templates in inputs/templates/openfoam will be used.
2026-02-13 04:07:19,555 - OpenFoamWrapper - INFO - Templates names: ['0/R', '0/U', '0/U.org', '0/alpha.water', '0/alpha1.org', '0/k', '0/nut', '0/omega', '0/p', '0/p_rgh', '0/pd.org', '0/zeta', 'constant/dynamicMeshDict', 'constant/environmentalProperties', 'constant/g', 'constant/polyMesh/blockMeshDict', 'constant/polyMesh/boundary', 'constant/polyMesh/faces', 'constant/polyMesh/neighbour', 'constant/polyMesh/owner', 'constant/polyMesh/points', 'constant/postProcessingProperties', 'constant/probeDefinitions', 'constant/transportProperties', 'constant/turbulenceProperties', 'constant/waveProperties', 'constant/waveProperties.input', 'system/controlDict', 'system/decomposeParDict', 'system/fvSchemes', 'system/fvSolution', 'system/sampleDict', 'system/sets', 'system/surfaceElevationDict']
2026-02-13 04:07:44,856 - OpenFoamWrapper - INFO - 100 cases created in one_by_one mode and saved in outputs/openfoam_cases
2026-02-13 04:07:45,089 - OpenFoamWrapper - INFO - SBATCH example file generated in outputs/openfoam_cases
2026-02-13 04:09:37,584 - OpenFoamWrapper - INFO - Setting self.num_workers to 1. Change it using self.set_num_processors_to_use method.
2026-02-13 04:09:37,585 - OpenFoamWrapper - INFO - Templates name is 'all', so all templates in inputs/templates/openfoam will be used.
2026-02-13 04:09:37,586 - OpenFoamWrapper - INFO - Templates names: ['0/R', '0/U', '0/U.org', '0/alpha.water', '0/alpha1.org', '0/k', '0/nut', '0/omega', '0/p', '0/p_rgh', '0/pd.org', '0/zeta', 'constant/dynamicMeshDict', 'constant/environmentalProperties', 'constant/g', 'constant/polyMesh/blockMeshDict', 'constant/polyMesh/boundary', 'constant/polyMesh/faces', 'constant/polyMesh/neighbour', 'constant/polyMesh/owner', 'constant/polyMesh/points', 'constant/postProcessingProperties', 'constant/probeDefinitions', 'constant/transportProperties', 'constant/turbulenceProperties', 'constant/waveProperties', 'constant/waveProperties.input', 'system/controlDict', 'system/decomposeParDict', 'system/fvSchemes', 'system/fvSolution', 'system/sampleDict', 'system/sets', 'system/surfaceElevationDict']
2026-02-13 04:16:25,886 - OpenFoamWrapper - INFO - Setting self.num_workers to 1. Change it using self.set_num_processors_to_use method.
2026-02-13 04:16:25,888 - OpenFoamWrapper - INFO - Templates name is 'all', so all templates in inputs/templates/openfoam will be used.
2026-02-13 04:16:25,888 - OpenFoamWrapper - INFO - Templates names: ['0/R', '0/U', '0/U.org', '0/alpha.water', '0/alpha1.org', '0/k', '0/nut', '0/omega', '0/p', '0/p_rgh', '0/pd.org', '0/zeta', 'constant/dynamicMeshDict', 'constant/environmentalProperties', 'constant/g', 'constant/polyMesh/blockMeshDict', 'constant/polyMesh/boundary', 'constant/polyMesh/faces', 'constant/polyMesh/neighbour', 'constant/polyMesh/owner', 'constant/polyMesh/points', 'constant/postProcessingProperties', 'constant/probeDefinitions', 'constant/transportProperties', 'constant/turbulenceProperties', 'constant/waveProperties', 'constant/waveProperties.input', 'system/controlDict', 'system/decomposeParDict', 'system/fvSchemes', 'system/fvSolution', 'system/sampleDict', 'system/sets', 'system/surfaceElevationDict']
2026-02-13 04:21:14,114 - OpenFoamWrapper - INFO - Setting self.num_workers to 1. Change it using self.set_num_processors_to_use method.
2026-02-13 04:21:14,114 - OpenFoamWrapper - WARNING - Parameter hs is not in the default_parameters
2026-02-13 04:21:14,120 - OpenFoamWrapper - WARNING - Parameter tp is not in the default_parameters
2026-02-13 04:21:14,120 - OpenFoamWrapper - WARNING - Parameter swl is not in the default_parameters
2026-02-13 04:21:14,122 - OpenFoamWrapper - INFO - Templates name is 'all', so all templates in inputs/templates/openfoam will be used.
2026-02-13 04:21:14,122 - OpenFoamWrapper - INFO - Templates names: ['0/R', '0/U', '0/U.org', '0/alpha.water', '0/alpha1.org', '0/k', '0/nut', '0/omega', '0/p', '0/p_rgh', '0/pd.org', '0/zeta', 'constant/dynamicMeshDict', 'constant/environmentalProperties', 'constant/g', 'constant/polyMesh/blockMeshDict', 'constant/polyMesh/boundary', 'constant/polyMesh/faces', 'constant/polyMesh/neighbour', 'constant/polyMesh/owner', 'constant/polyMesh/points', 'constant/postProcessingProperties', 'constant/probeDefinitions', 'constant/transportProperties', 'constant/turbulenceProperties', 'constant/waveProperties', 'constant/waveProperties.input', 'system/controlDict', 'system/decomposeParDict', 'system/fvSchemes', 'system/fvSolution', 'system/sampleDict', 'system/sets', 'system/surfaceElevationDict']
2026-02-13 04:21:57,737 - OpenFoamWrapper - INFO - 100 cases created in one_by_one mode and saved in outputs/openfoam_cases
2026-02-13 04:21:58,304 - OpenFoamWrapper - INFO - SBATCH example file generated in outputs/openfoam_cases
2026-02-13 04:33:48,006 - OpenFoamWrapper - INFO - Setting self.num_workers to 1. Change it using self.set_num_processors_to_use method.
2026-02-13 04:33:48,006 - OpenFoamWrapper - WARNING - Parameter hs is not in the default_parameters
2026-02-13 04:33:48,009 - OpenFoamWrapper - WARNING - Parameter tp is not in the default_parameters
2026-02-13 04:33:48,012 - OpenFoamWrapper - WARNING - Parameter swl is not in the default_parameters
2026-02-13 04:33:48,014 - OpenFoamWrapper - INFO - Templates name is 'all', so all templates in inputs/templates/openfoam will be used.
2026-02-13 04:33:48,014 - OpenFoamWrapper - INFO - Templates names: ['0/R', '0/U', '0/U.org', '0/alpha.water', '0/alpha1.org', '0/k', '0/nut', '0/omega', '0/p', '0/p_rgh', '0/pd.org', '0/zeta', 'constant/dynamicMeshDict', 'constant/environmentalProperties', 'constant/g', 'constant/polyMesh/blockMeshDict', 'constant/polyMesh/boundary', 'constant/polyMesh/faces', 'constant/polyMesh/neighbour', 'constant/polyMesh/owner', 'constant/polyMesh/points', 'constant/postProcessingProperties', 'constant/probeDefinitions', 'constant/transportProperties', 'constant/turbulenceProperties', 'constant/waveProperties', 'constant/waveProperties.input', 'system/controlDict', 'system/decomposeParDict', 'system/fvSchemes', 'system/fvSolution', 'system/sampleDict', 'system/sets', 'system/surfaceElevationDict']
2026-02-13 04:34:45,735 - OpenFoamWrapper - INFO - 100 cases created in one_by_one mode and saved in outputs/openfoam_cases
2026-02-13 04:34:45,736 - OpenFoamWrapper - INFO - SBATCH example file generated in outputs/openfoam_cases
2026-02-13 04:35:04,652 - OpenFoamWrapper - INFO - Setting self.num_workers to 1. Change it using self.set_num_processors_to_use method.
2026-02-13 04:35:04,653 - OpenFoamWrapper - WARNING - Parameter hs is not in the default_parameters
2026-02-13 04:35:04,654 - OpenFoamWrapper - WARNING - Parameter tp is not in the default_parameters
2026-02-13 04:35:04,656 - OpenFoamWrapper - WARNING - Parameter swl is not in the default_parameters
2026-02-13 04:35:04,657 - OpenFoamWrapper - INFO - Templates name is 'all', so all templates in inputs/templates/openfoam will be used.
2026-02-13 04:35:04,658 - OpenFoamWrapper - INFO - Templates names: ['0/R', '0/U', '0/U.org', '0/alpha.water', '0/alpha1.org', '0/k', '0/nut', '0/omega', '0/p', '0/p_rgh', '0/pd.org', '0/zeta', 'constant/dynamicMeshDict', 'constant/environmentalProperties', 'constant/g', 'constant/polyMesh/blockMeshDict', 'constant/polyMesh/boundary', 'constant/polyMesh/faces', 'constant/polyMesh/neighbour', 'constant/polyMesh/owner', 'constant/polyMesh/points', 'constant/postProcessingProperties', 'constant/probeDefinitions', 'constant/transportProperties', 'constant/turbulenceProperties', 'constant/waveProperties', 'constant/waveProperties.input', 'system/controlDict', 'system/decomposeParDict', 'system/fvSchemes', 'system/fvSolution', 'system/sampleDict', 'system/sets', 'system/surfaceElevationDict']
2026-02-13 04:35:31,426 - OpenFoamWrapper - INFO - 100 cases created in one_by_one mode and saved in outputs/openfoam_cases
2026-02-13 04:35:31,522 - OpenFoamWrapper - INFO - SBATCH example file generated in outputs/openfoam_cases
2026-02-13 04:36:30,585 - OpenFoamWrapper - INFO - Setting self.num_workers to 1. Change it using self.set_num_processors_to_use method.
2026-02-13 04:36:30,586 - OpenFoamWrapper - WARNING - Parameter hs is not in the default_parameters
2026-02-13 04:36:30,588 - OpenFoamWrapper - WARNING - Parameter tp is not in the default_parameters
2026-02-13 04:36:30,591 - OpenFoamWrapper - WARNING - Parameter swl is not in the default_parameters
2026-02-13 04:36:30,591 - OpenFoamWrapper - INFO - Templates name is 'all', so all templates in inputs/templates/openfoam will be used.
2026-02-13 04:36:30,592 - OpenFoamWrapper - INFO - Templates names: ['0/R', '0/U', '0/U.org', '0/alpha.water', '0/alpha1.org', '0/k', '0/nut', '0/omega', '0/p', '0/p_rgh', '0/pd.org', '0/zeta', 'constant/dynamicMeshDict', 'constant/environmentalProperties', 'constant/g', 'constant/polyMesh/blockMeshDict', 'constant/polyMesh/boundary', 'constant/polyMesh/faces', 'constant/polyMesh/neighbour', 'constant/polyMesh/owner', 'constant/polyMesh/points', 'constant/postProcessingProperties', 'constant/probeDefinitions', 'constant/transportProperties', 'constant/turbulenceProperties', 'constant/waveProperties', 'constant/waveProperties.input', 'system/controlDict', 'system/decomposeParDict', 'system/fvSchemes', 'system/fvSolution', 'system/sampleDict', 'system/sets', 'system/surfaceElevationDict']
2026-02-13 04:36:52,844 - OpenFoamWrapper - INFO - Setting self.num_workers to 1. Change it using self.set_num_processors_to_use method.
2026-02-13 04:36:52,844 - OpenFoamWrapper - WARNING - Parameter hs is not in the default_parameters
2026-02-13 04:36:52,845 - OpenFoamWrapper - WARNING - Parameter tp is not in the default_parameters
2026-02-13 04:36:52,846 - OpenFoamWrapper - WARNING - Parameter swl is not in the default_parameters
2026-02-13 04:36:52,847 - OpenFoamWrapper - INFO - Templates name is 'all', so all templates in inputs/templates/openfoam will be used.
2026-02-13 04:36:52,848 - OpenFoamWrapper - INFO - Templates names: ['0/R', '0/U', '0/U.org', '0/alpha.water', '0/alpha1.org', '0/k', '0/nut', '0/omega', '0/p', '0/p_rgh', '0/pd.org', '0/zeta', 'constant/dynamicMeshDict', 'constant/environmentalProperties', 'constant/g', 'constant/polyMesh/blockMeshDict', 'constant/polyMesh/boundary', 'constant/polyMesh/faces', 'constant/polyMesh/neighbour', 'constant/polyMesh/owner', 'constant/polyMesh/points', 'constant/postProcessingProperties', 'constant/probeDefinitions', 'constant/transportProperties', 'constant/turbulenceProperties', 'constant/waveProperties', 'constant/waveProperties.input', 'system/controlDict', 'system/decomposeParDict', 'system/fvSchemes', 'system/fvSolution', 'system/sampleDict', 'system/sets', 'system/surfaceElevationDict']
2026-02-13 04:37:27,697 - OpenFoamWrapper - INFO - 100 cases created in one_by_one mode and saved in outputs/openfoam_cases
2026-02-13 04:37:27,697 - OpenFoamWrapper - INFO - SBATCH example file generated in outputs/openfoam_cases
